#
# There is insufficient memory for the Java Runtime Environment to continue.
# Native memory allocation (malloc) failed to allocate 1232576 bytes for Chunk::new
# Possible reasons:
#   The system is out of physical RAM or swap space
#   The process is running with CompressedOops enabled, and the Java Heap may be blocking the growth of the native heap
# Possible solutions:
#   Reduce memory load on the system
#   Increase physical memory or swap space
#   Check if swap backing store is full
#   Decrease Java heap size (-Xmx/-Xms)
#   Decrease number of Java threads
#   Decrease Java thread stack sizes (-Xss)
#   Set larger code cache with -XX:ReservedCodeCacheSize=
#   JVM is running with Unscaled Compressed Oops mode in which the Java heap is
#     placed in the first 4GB address space. The Java Heap base address is the
#     maximum limit for the native heap growth. Please use -XX:HeapBaseMinAddress
#     to set the Java Heap base and to place the Java Heap above 4GB virtual address.
# This output file may be truncated or incomplete.
#
#  Out of Memory Error (./src/hotspot/share/memory/arena.cpp:197), pid=8840, tid=35540
#
# JRE version: OpenJDK Runtime Environment (11.0.10) (build 11.0.10+0-b96-7249189)
# Java VM: OpenJDK 64-Bit Server VM (11.0.10+0-b96-7249189, mixed mode, tiered, compressed oops, g1 gc, windows-amd64)
# No core dump will be written. Minidumps are not enabled by default on client versions of Windows
#

---------------  S U M M A R Y ------------

Command Line: --add-opens=java.base/java.util=ALL-UNNAMED --add-opens=java.base/java.lang=ALL-UNNAMED --add-opens=java.base/java.lang.invoke=ALL-UNNAMED --add-opens=java.base/java.util=ALL-UNNAMED --add-opens=java.prefs/java.util.prefs=ALL-UNNAMED --add-opens=java.prefs/java.util.prefs=ALL-UNNAMED --add-opens=java.base/java.nio.charset=ALL-UNNAMED --add-opens=java.base/java.net=ALL-UNNAMED --add-opens=java.base/java.util.concurrent.atomic=ALL-UNNAMED -Xmx2048m -Dfile.encoding=UTF-8 -Duser.country=DE -Duser.language=de -Duser.variant org.gradle.launcher.daemon.bootstrap.GradleDaemon 7.0.2

Host: AMD Ryzen 7 2700X Eight-Core Processor         , 16 cores, 15G,  Windows 10 , 64 bit Build 19041 (10.0.19041.1202)
Time: Thu Oct  7 12:58:11 2021 Mitteleuropäische Sommerzeit elapsed time: 18.113953 seconds (0d 0h 0m 18s)

---------------  T H R E A D  ---------------

Current thread (0x0000023de9dcb800):  JavaThread "C2 CompilerThread1" daemon [_thread_in_native, id=35540, stack(0x0000007817300000,0x0000007817400000)]


Current CompileTask:
C2:  18114 7175 %     4       org.gradle.internal.instantiation.generator.AbstractClassGenerator::inspectType @ 107 (560 bytes)

Stack: [0x0000007817300000,0x0000007817400000]
Native frames: (J=compiled Java code, j=interpreted, Vv=VM code, C=native code)
V  [jvm.dll+0x5ecfaa]
V  [jvm.dll+0x722bd5]
V  [jvm.dll+0x72412d]
V  [jvm.dll+0x7247e3]
V  [jvm.dll+0x242928]
V  [jvm.dll+0xbc4fc]
V  [jvm.dll+0xbca0c]
V  [jvm.dll+0x2b4fd4]
V  [jvm.dll+0x506028]
V  [jvm.dll+0x203253]
V  [jvm.dll+0x1fd07c]
V  [jvm.dll+0x1fa77f]
V  [jvm.dll+0x18354c]
V  [jvm.dll+0x208ee7]
V  [jvm.dll+0x207731]
V  [jvm.dll+0x6eb1cf]
V  [jvm.dll+0x6e3d45]
V  [jvm.dll+0x5ebe96]
C  [ucrtbase.dll+0x21bb2]
C  [KERNEL32.DLL+0x17034]
C  [ntdll.dll+0x52651]


---------------  P R O C E S S  ---------------

Threads class SMR info:
_java_thread_list=0x0000023de9f781d0, length=69, elements={
0x0000023dc955d800, 0x0000023de54eb800, 0x0000023de54ef000, 0x0000023de5549800,
0x0000023de554d000, 0x0000023de554f000, 0x0000023de555b000, 0x0000023de5560800,
0x0000023de556c000, 0x0000023de4c82000, 0x0000023de56cb000, 0x0000023de6805800,
0x0000023de7787800, 0x0000023de706d800, 0x0000023de680a800, 0x0000023de77c1800,
0x0000023de69d9800, 0x0000023de78e7800, 0x0000023de6b2a000, 0x0000023de6bb7800,
0x0000023de7a49000, 0x0000023de7a90000, 0x0000023de7a8f000, 0x0000023de7a8e000,
0x0000023de7a91800, 0x0000023de7a8d800, 0x0000023de7a90800, 0x0000023de7a8c000,
0x0000023de7a92800, 0x0000023de7a8c800, 0x0000023de990b000, 0x0000023de9909000,
0x0000023de9909800, 0x0000023de9905800, 0x0000023de990c000, 0x0000023de9908000,
0x0000023de9906800, 0x0000023de9912800, 0x0000023de9910000, 0x0000023de990d000,
0x0000023de990d800, 0x0000023de990e800, 0x0000023de9912000, 0x0000023de9911000,
0x0000023de9914000, 0x0000023de9913800, 0x0000023de990f800, 0x0000023dec382000,
0x0000023dec380000, 0x0000023dec37f800, 0x0000023dec381000, 0x0000023dec37d000,
0x0000023dec37c000, 0x0000023dec37e800, 0x0000023dec382800, 0x0000023dec383800,
0x0000023dec37d800, 0x0000023dec38a000, 0x0000023dec388800, 0x0000023dec386800,
0x0000023dec386000, 0x0000023dec387800, 0x0000023dec389000, 0x0000023dec384800,
0x0000023dec38b000, 0x0000023dec385000, 0x0000023dec39d800, 0x0000023de9dcb800,
0x0000023dec39e800
}

Java Threads: ( => current thread )
  0x0000023dc955d800 JavaThread "main" [_thread_blocked, id=6936, stack(0x0000007814500000,0x0000007814600000)]
  0x0000023de54eb800 JavaThread "Reference Handler" daemon [_thread_blocked, id=34108, stack(0x0000007814c00000,0x0000007814d00000)]
  0x0000023de54ef000 JavaThread "Finalizer" daemon [_thread_blocked, id=8256, stack(0x0000007814d00000,0x0000007814e00000)]
  0x0000023de5549800 JavaThread "Signal Dispatcher" daemon [_thread_blocked, id=8804, stack(0x0000007814e00000,0x0000007814f00000)]
  0x0000023de554d000 JavaThread "Attach Listener" daemon [_thread_blocked, id=35928, stack(0x0000007814f00000,0x0000007815000000)]
  0x0000023de554f000 JavaThread "Service Thread" daemon [_thread_blocked, id=2452, stack(0x0000007815000000,0x0000007815100000)]
  0x0000023de555b000 JavaThread "C2 CompilerThread0" daemon [_thread_in_native, id=28296, stack(0x0000007815100000,0x0000007815200000)]
  0x0000023de5560800 JavaThread "C1 CompilerThread0" daemon [_thread_blocked, id=21996, stack(0x0000007815200000,0x0000007815300000)]
  0x0000023de556c000 JavaThread "Sweeper thread" daemon [_thread_blocked, id=35952, stack(0x0000007815300000,0x0000007815400000)]
  0x0000023de4c82000 JavaThread "C1 CompilerThread1" daemon [_thread_blocked, id=28520, stack(0x0000007815400000,0x0000007815500000)]
  0x0000023de56cb000 JavaThread "Common-Cleaner" daemon [_thread_blocked, id=28944, stack(0x0000007815500000,0x0000007815600000)]
  0x0000023de6805800 JavaThread "C1 CompilerThread2" daemon [_thread_blocked, id=30832, stack(0x0000007815e00000,0x0000007815f00000)]
  0x0000023de7787800 JavaThread "Daemon health stats" [_thread_blocked, id=33208, stack(0x0000007816000000,0x0000007816100000)]
  0x0000023de706d800 JavaThread "Incoming local TCP Connector on port 57608" [_thread_in_native, id=8468, stack(0x0000007815700000,0x0000007815800000)]
  0x0000023de680a800 JavaThread "Daemon periodic checks" [_thread_blocked, id=18200, stack(0x0000007815d00000,0x0000007815e00000)]
  0x0000023de77c1800 JavaThread "Daemon" [_thread_blocked, id=16116, stack(0x0000007815f00000,0x0000007816000000)]
  0x0000023de69d9800 JavaThread "Handler for socket connection from /127.0.0.1:57608 to /127.0.0.1:57609" [_thread_in_native, id=20432, stack(0x0000007816100000,0x0000007816200000)]
  0x0000023de78e7800 JavaThread "Cancel handler" [_thread_blocked, id=36524, stack(0x0000007816200000,0x0000007816300000)]
  0x0000023de6b2a000 JavaThread "Daemon worker" [_thread_in_vm, id=28244, stack(0x0000007816300000,0x0000007816400000)]
  0x0000023de6bb7800 JavaThread "Asynchronous log dispatcher for DefaultDaemonConnection: socket connection from /127.0.0.1:57608 to /127.0.0.1:57609" [_thread_blocked, id=30756, stack(0x0000007816500000,0x0000007816600000)]
  0x0000023de7a49000 JavaThread "Stdin handler" [_thread_blocked, id=22548, stack(0x0000007816600000,0x0000007816700000)]
  0x0000023de7a90000 JavaThread "Daemon client event forwarder" [_thread_blocked, id=11724, stack(0x0000007816700000,0x0000007816800000)]
  0x0000023de7a8f000 JavaThread "Cache worker for file hash cache (C:\Users\docan\.gradle\caches\7.0.2\fileHashes)" [_thread_blocked, id=7844, stack(0x0000007816400000,0x0000007816500000)]
  0x0000023de7a8e000 JavaThread "File lock request listener" [_thread_in_native, id=32952, stack(0x0000007816800000,0x0000007816900000)]
  0x0000023de7a91800 JavaThread "Cache worker for journal cache (C:\Users\docan\.gradle\caches\journal-1)" [_thread_blocked, id=36792, stack(0x0000007817200000,0x0000007817300000)]
  0x0000023de7a8d800 JavaThread "Cache worker for file hash cache (F:\Autopilot\.gradle\7.0.2\fileHashes)" [_thread_blocked, id=33916, stack(0x0000007817400000,0x0000007817500000)]
  0x0000023de7a90800 JavaThread "File watcher server" daemon [_thread_in_native, id=4836, stack(0x0000007817500000,0x0000007817600000)]
  0x0000023de7a8c000 JavaThread "File watcher consumer" daemon [_thread_blocked, id=5428, stack(0x0000007817600000,0x0000007817700000)]
  0x0000023de7a92800 JavaThread "Cache worker for checksums cache (F:\Autopilot\.gradle\checksums)" [_thread_blocked, id=35648, stack(0x0000007817700000,0x0000007817800000)]
  0x0000023de7a8c800 JavaThread "Cache worker for cache directory md-supplier (C:\Users\docan\.gradle\caches\7.0.2\md-supplier)" [_thread_blocked, id=33992, stack(0x0000007817800000,0x0000007817900000)]
  0x0000023de990b000 JavaThread "Cache worker for cache directory md-rule (C:\Users\docan\.gradle\caches\7.0.2\md-rule)" [_thread_blocked, id=35276, stack(0x0000007817a00000,0x0000007817b00000)]
  0x0000023de9909000 JavaThread "Cache worker for execution history cache (C:\Users\docan\.gradle\caches\7.0.2\executionHistory)" [_thread_blocked, id=25508, stack(0x0000007817b00000,0x0000007817c00000)]
  0x0000023de9909800 JavaThread "jar transforms" [_thread_blocked, id=15592, stack(0x0000007817d00000,0x0000007817e00000)]
  0x0000023de9905800 JavaThread "jar transforms Thread 2" [_thread_blocked, id=31572, stack(0x0000007817e00000,0x0000007817f00000)]
  0x0000023de990c000 JavaThread "Cache worker for file content cache (C:\Users\docan\.gradle\caches\7.0.2\fileContent)" [_thread_blocked, id=35600, stack(0x0000007817f00000,0x0000007818000000)]
  0x0000023de9908000 JavaThread "Cache worker for dependencies-accessors (F:\Autopilot\.gradle\7.0.2\dependencies-accessors)" [_thread_blocked, id=35892, stack(0x0000007818000000,0x0000007818100000)]
  0x0000023de9906800 JavaThread "jar transforms Thread 3" [_thread_blocked, id=33756, stack(0x0000007818100000,0x0000007818200000)]
  0x0000023de9912800 JavaThread "Cache worker for Build Output Cleanup Cache (F:\Autopilot\.gradle\buildOutputCleanup)" [_thread_blocked, id=17044, stack(0x0000007818200000,0x0000007818300000)]
  0x0000023de9910000 JavaThread "Build operations" [_thread_blocked, id=35524, stack(0x0000007818300000,0x0000007818400000)]
  0x0000023de990d000 JavaThread "Build operations Thread 2" [_thread_blocked, id=20444, stack(0x0000007818400000,0x0000007818500000)]
  0x0000023de990d800 JavaThread "Build operations Thread 3" [_thread_blocked, id=36848, stack(0x0000007818500000,0x0000007818600000)]
  0x0000023de990e800 JavaThread "Build operations Thread 4" [_thread_blocked, id=33684, stack(0x0000007818600000,0x0000007818700000)]
  0x0000023de9912000 JavaThread "Build operations Thread 5" [_thread_blocked, id=33324, stack(0x0000007818700000,0x0000007818800000)]
  0x0000023de9911000 JavaThread "Build operations Thread 6" [_thread_blocked, id=34992, stack(0x0000007818800000,0x0000007818900000)]
  0x0000023de9914000 JavaThread "Build operations Thread 7" [_thread_blocked, id=2844, stack(0x0000007818900000,0x0000007818a00000)]
  0x0000023de9913800 JavaThread "Build operations Thread 8" [_thread_blocked, id=29428, stack(0x0000007818a00000,0x0000007818b00000)]
  0x0000023de990f800 JavaThread "Build operations Thread 9" [_thread_blocked, id=35028, stack(0x0000007818b00000,0x0000007818c00000)]
  0x0000023dec382000 JavaThread "Build operations Thread 10" [_thread_blocked, id=36800, stack(0x0000007818c00000,0x0000007818d00000)]
  0x0000023dec380000 JavaThread "Build operations Thread 11" [_thread_blocked, id=24976, stack(0x0000007818d00000,0x0000007818e00000)]
  0x0000023dec37f800 JavaThread "Build operations Thread 12" [_thread_blocked, id=7508, stack(0x0000007818e00000,0x0000007818f00000)]
  0x0000023dec381000 JavaThread "Build operations Thread 13" [_thread_blocked, id=33904, stack(0x0000007818f00000,0x0000007819000000)]
  0x0000023dec37d000 JavaThread "Build operations Thread 14" [_thread_blocked, id=6176, stack(0x0000007819000000,0x0000007819100000)]
  0x0000023dec37c000 JavaThread "Build operations Thread 15" [_thread_blocked, id=36700, stack(0x0000007819100000,0x0000007819200000)]
  0x0000023dec37e800 JavaThread "Build operations Thread 16" [_thread_blocked, id=36824, stack(0x0000007819200000,0x0000007819300000)]
  0x0000023dec382800 JavaThread "jar transforms Thread 4" [_thread_blocked, id=27916, stack(0x0000007819300000,0x0000007819400000)]
  0x0000023dec383800 JavaThread "jar transforms Thread 5" [_thread_blocked, id=22516, stack(0x0000007819400000,0x0000007819500000)]
  0x0000023dec37d800 JavaThread "jar transforms Thread 6" [_thread_blocked, id=2700, stack(0x0000007819500000,0x0000007819600000)]
  0x0000023dec38a000 JavaThread "jar transforms Thread 7" [_thread_blocked, id=33884, stack(0x0000007819600000,0x0000007819700000)]
  0x0000023dec388800 JavaThread "jar transforms Thread 8" [_thread_blocked, id=12128, stack(0x0000007819700000,0x0000007819800000)]
  0x0000023dec386800 JavaThread "jar transforms Thread 9" [_thread_blocked, id=32772, stack(0x0000007819800000,0x0000007819900000)]
  0x0000023dec386000 JavaThread "jar transforms Thread 10" [_thread_blocked, id=12828, stack(0x0000007819900000,0x0000007819a00000)]
  0x0000023dec387800 JavaThread "jar transforms Thread 11" [_thread_blocked, id=35404, stack(0x0000007819a00000,0x0000007819b00000)]
  0x0000023dec389000 JavaThread "jar transforms Thread 12" [_thread_blocked, id=10756, stack(0x0000007819b00000,0x0000007819c00000)]
  0x0000023dec384800 JavaThread "jar transforms Thread 13" [_thread_blocked, id=33072, stack(0x0000007819c00000,0x0000007819d00000)]
  0x0000023dec38b000 JavaThread "jar transforms Thread 14" [_thread_blocked, id=16832, stack(0x0000007819d00000,0x0000007819e00000)]
  0x0000023dec385000 JavaThread "jar transforms Thread 15" [_thread_blocked, id=5100, stack(0x0000007819e00000,0x0000007819f00000)]
  0x0000023dec39d800 JavaThread "jar transforms Thread 16" [_thread_blocked, id=3480, stack(0x0000007819f00000,0x000000781a000000)]
=>0x0000023de9dcb800 JavaThread "C2 CompilerThread1" daemon [_thread_in_native, id=35540, stack(0x0000007817300000,0x0000007817400000)]
  0x0000023dec39e800 JavaThread "Memory manager" [_thread_blocked, id=35020, stack(0x0000007817900000,0x0000007817a00000)]

Other Threads:
  0x0000023de54e9800 VMThread "VM Thread" [stack: 0x0000007814b00000,0x0000007814c00000] [id=35012]
  0x0000023de572e000 WatcherThread [stack: 0x0000007815600000,0x0000007815700000] [id=33056]
  0x0000023dc9577000 GCTaskThread "GC Thread#0" [stack: 0x0000007814600000,0x0000007814700000] [id=36580]
  0x0000023de6470000 GCTaskThread "GC Thread#1" [stack: 0x0000007815800000,0x0000007815900000] [id=16804]
  0x0000023de6553800 GCTaskThread "GC Thread#2" [stack: 0x0000007815900000,0x0000007815a00000] [id=13748]
  0x0000023de67cf800 GCTaskThread "GC Thread#3" [stack: 0x0000007815a00000,0x0000007815b00000] [id=35880]
  0x0000023de67d0800 GCTaskThread "GC Thread#4" [stack: 0x0000007815b00000,0x0000007815c00000] [id=27568]
  0x0000023de67d2000 GCTaskThread "GC Thread#5" [stack: 0x0000007815c00000,0x0000007815d00000] [id=29100]
  0x0000023de7061000 GCTaskThread "GC Thread#6" [stack: 0x0000007816900000,0x0000007816a00000] [id=30508]
  0x0000023de7af5800 GCTaskThread "GC Thread#7" [stack: 0x0000007816a00000,0x0000007816b00000] [id=25112]
  0x0000023de7ba9000 GCTaskThread "GC Thread#8" [stack: 0x0000007816b00000,0x0000007816c00000] [id=7872]
  0x0000023de787b800 GCTaskThread "GC Thread#9" [stack: 0x0000007816c00000,0x0000007816d00000] [id=32304]
  0x0000023de7a43800 GCTaskThread "GC Thread#10" [stack: 0x0000007816d00000,0x0000007816e00000] [id=29600]
  0x0000023de7a44000 GCTaskThread "GC Thread#11" [stack: 0x0000007816e00000,0x0000007816f00000] [id=26324]
  0x0000023de7861000 GCTaskThread "GC Thread#12" [stack: 0x0000007816f00000,0x0000007817000000] [id=36468]
  0x0000023dc95aa000 ConcurrentGCThread "G1 Main Marker" [stack: 0x0000007814700000,0x0000007814800000] [id=26920]
  0x0000023dc95ab800 ConcurrentGCThread "G1 Conc#0" [stack: 0x0000007814800000,0x0000007814900000] [id=3844]
  0x0000023de6a8a000 ConcurrentGCThread "G1 Conc#1" [stack: 0x0000007817000000,0x0000007817100000] [id=15276]
  0x0000023de6534000 ConcurrentGCThread "G1 Conc#2" [stack: 0x0000007817100000,0x0000007817200000] [id=31008]
  0x0000023de4b32000 ConcurrentGCThread "G1 Refine#0" [stack: 0x0000007814900000,0x0000007814a00000] [id=33428]
  0x0000023de4b33000 ConcurrentGCThread "G1 Young RemSet Sampling" [stack: 0x0000007814a00000,0x0000007814b00000] [id=10136]

Threads with active compile tasks:
C2 CompilerThread0  18235 7184   !   4       com.sun.beans.TypeResolver::resolve (261 bytes)
C2 CompilerThread1  18235 7175 %     4       org.gradle.internal.instantiation.generator.AbstractClassGenerator::inspectType @ 107 (560 bytes)

VM state:not at safepoint (normal execution)

VM Mutex/Monitor currently owned by a thread: None

Heap address: 0x0000000080000000, size: 2048 MB, Compressed Oops mode: 32-bit
Narrow klass base: 0x0000000000000000, Narrow klass shift: 3
Compressed class space size: 1073741824 Address: 0x0000000100000000

Heap:
 garbage-first heap   total 262144K, used 57476K [0x0000000080000000, 0x0000000100000000)
  region size 1024K, 16 young (16384K), 12 survivors (12288K)
 Metaspace       used 71358K, capacity 73131K, committed 73340K, reserved 1112064K
  class space    used 9257K, capacity 9881K, committed 9984K, reserved 1048576K
Heap Regions: E=young(eden), S=young(survivor), O=old, HS=humongous(starts), HC=humongous(continues), CS=collection set, F=free, A=archive, TAMS=top-at-mark-start (previous, next)
|   0|0x0000000080000000, 0x0000000080100000, 0x0000000080100000|100%| O|  |TAMS 0x0000000080100000, 0x0000000080000000| Untracked 
|   1|0x0000000080100000, 0x0000000080200000, 0x0000000080200000|100%| O|  |TAMS 0x0000000080200000, 0x0000000080100000| Untracked 
|   2|0x0000000080200000, 0x0000000080300000, 0x0000000080300000|100%| O|  |TAMS 0x0000000080300000, 0x0000000080200000| Untracked 
|   3|0x0000000080300000, 0x0000000080400000, 0x0000000080400000|100%|HS|  |TAMS 0x0000000080400000, 0x0000000080300000| Complete 
|   4|0x0000000080400000, 0x0000000080500000, 0x0000000080500000|100%|HC|  |TAMS 0x0000000080500000, 0x0000000080400000| Complete 
|   5|0x0000000080500000, 0x0000000080600000, 0x0000000080600000|100%|HC|  |TAMS 0x0000000080600000, 0x0000000080500000| Complete 
|   6|0x0000000080600000, 0x0000000080700000, 0x0000000080700000|100%| O|  |TAMS 0x0000000080700000, 0x0000000080600000| Untracked 
|   7|0x0000000080700000, 0x0000000080800000, 0x0000000080800000|100%| O|  |TAMS 0x0000000080800000, 0x0000000080700000| Untracked 
|   8|0x0000000080800000, 0x0000000080900000, 0x0000000080900000|100%| O|  |TAMS 0x0000000080900000, 0x0000000080800000| Untracked 
|   9|0x0000000080900000, 0x0000000080a00000, 0x0000000080a00000|100%| O|  |TAMS 0x0000000080a00000, 0x0000000080900000| Untracked 
|  10|0x0000000080a00000, 0x0000000080b00000, 0x0000000080b00000|100%| O|  |TAMS 0x0000000080b00000, 0x0000000080a00000| Untracked 
|  11|0x0000000080b00000, 0x0000000080c00000, 0x0000000080c00000|100%| O|  |TAMS 0x0000000080c00000, 0x0000000080b00000| Untracked 
|  12|0x0000000080c00000, 0x0000000080d00000, 0x0000000080d00000|100%| O|  |TAMS 0x0000000080d00000, 0x0000000080c00000| Untracked 
|  13|0x0000000080d00000, 0x0000000080e00000, 0x0000000080e00000|100%| O|  |TAMS 0x0000000080e00000, 0x0000000080d00000| Untracked 
|  14|0x0000000080e00000, 0x0000000080f00000, 0x0000000080f00000|100%| O|  |TAMS 0x0000000080f00000, 0x0000000080e00000| Untracked 
|  15|0x0000000080f00000, 0x0000000081000000, 0x0000000081000000|100%| O|  |TAMS 0x0000000081000000, 0x0000000080f00000| Untracked 
|  16|0x0000000081000000, 0x0000000081100000, 0x0000000081100000|100%| O|  |TAMS 0x0000000081100000, 0x0000000081000000| Untracked 
|  17|0x0000000081100000, 0x0000000081200000, 0x0000000081200000|100%|HS|  |TAMS 0x0000000081200000, 0x0000000081100000| Complete 
|  18|0x0000000081200000, 0x0000000081300000, 0x0000000081300000|100%|HS|  |TAMS 0x0000000081300000, 0x0000000081200000| Complete 
|  19|0x0000000081300000, 0x0000000081400000, 0x0000000081400000|100%|HS|  |TAMS 0x0000000081400000, 0x0000000081300000| Complete 
|  20|0x0000000081400000, 0x0000000081500000, 0x0000000081500000|100%|HC|  |TAMS 0x0000000081500000, 0x0000000081400000| Complete 
|  21|0x0000000081500000, 0x0000000081600000, 0x0000000081600000|100%| O|  |TAMS 0x0000000081600000, 0x0000000081500000| Untracked 
|  22|0x0000000081600000, 0x0000000081700000, 0x0000000081700000|100%| O|  |TAMS 0x0000000081700000, 0x0000000081600000| Untracked 
|  23|0x0000000081700000, 0x0000000081800000, 0x0000000081800000|100%| O|  |TAMS 0x0000000081800000, 0x0000000081700000| Untracked 
|  24|0x0000000081800000, 0x0000000081900000, 0x0000000081900000|100%| O|  |TAMS 0x0000000081900000, 0x0000000081800000| Untracked 
|  25|0x0000000081900000, 0x0000000081a00000, 0x0000000081a00000|100%| O|  |TAMS 0x000000008196c400, 0x0000000081900000| Untracked 
|  26|0x0000000081a00000, 0x0000000081a00000, 0x0000000081b00000|  0%| F|  |TAMS 0x0000000081a00000, 0x0000000081a00000| Untracked 
|  27|0x0000000081b00000, 0x0000000081c00000, 0x0000000081c00000|100%| O|  |TAMS 0x0000000081b00000, 0x0000000081b00000| Untracked 
|  28|0x0000000081c00000, 0x0000000081d00000, 0x0000000081d00000|100%| O|  |TAMS 0x0000000081c00000, 0x0000000081c00000| Untracked 
|  29|0x0000000081d00000, 0x0000000081e00000, 0x0000000081e00000|100%| O|  |TAMS 0x0000000081d00000, 0x0000000081d00000| Untracked 
|  30|0x0000000081e00000, 0x0000000081f00000, 0x0000000081f00000|100%| O|  |TAMS 0x0000000081e00000, 0x0000000081e00000| Untracked 
|  31|0x0000000081f00000, 0x0000000082000000, 0x0000000082000000|100%| O|  |TAMS 0x0000000081f00000, 0x0000000081f00000| Untracked 
|  32|0x0000000082000000, 0x0000000082100000, 0x0000000082100000|100%| O|  |TAMS 0x0000000082000000, 0x0000000082000000| Untracked 
|  33|0x0000000082100000, 0x0000000082200000, 0x0000000082200000|100%| O|  |TAMS 0x0000000082100000, 0x0000000082100000| Untracked 
|  34|0x0000000082200000, 0x0000000082300000, 0x0000000082300000|100%| O|  |TAMS 0x0000000082200000, 0x0000000082200000| Untracked 
|  35|0x0000000082300000, 0x0000000082400000, 0x0000000082400000|100%| O|  |TAMS 0x0000000082300000, 0x0000000082300000| Untracked 
|  36|0x0000000082400000, 0x0000000082500000, 0x0000000082500000|100%| O|  |TAMS 0x0000000082400000, 0x0000000082400000| Untracked 
|  37|0x0000000082500000, 0x0000000082600000, 0x0000000082600000|100%| O|  |TAMS 0x0000000082500000, 0x0000000082500000| Untracked 
|  38|0x0000000082600000, 0x0000000082700000, 0x0000000082700000|100%| O|  |TAMS 0x0000000082600000, 0x0000000082600000| Untracked 
|  39|0x0000000082700000, 0x0000000082800000, 0x0000000082800000|100%| O|  |TAMS 0x0000000082700000, 0x0000000082700000| Untracked 
|  40|0x0000000082800000, 0x0000000082900000, 0x0000000082900000|100%| O|  |TAMS 0x0000000082800000, 0x0000000082800000| Untracked 
|  41|0x0000000082900000, 0x0000000082a00000, 0x0000000082a00000|100%| O|  |TAMS 0x0000000082900000, 0x0000000082900000| Untracked 
|  42|0x0000000082a00000, 0x0000000082af1000, 0x0000000082b00000| 94%| O|  |TAMS 0x0000000082a00000, 0x0000000082a00000| Untracked 
|  43|0x0000000082b00000, 0x0000000082b00000, 0x0000000082c00000|  0%| F|  |TAMS 0x0000000082b00000, 0x0000000082b00000| Untracked 
|  44|0x0000000082c00000, 0x0000000082c00000, 0x0000000082d00000|  0%| F|  |TAMS 0x0000000082c00000, 0x0000000082c00000| Untracked 
|  45|0x0000000082d00000, 0x0000000082d00000, 0x0000000082e00000|  0%| F|  |TAMS 0x0000000082d00000, 0x0000000082d00000| Untracked 
|  46|0x0000000082e00000, 0x0000000082e00000, 0x0000000082f00000|  0%| F|  |TAMS 0x0000000082e00000, 0x0000000082e00000| Untracked 
|  47|0x0000000082f00000, 0x0000000082f00000, 0x0000000083000000|  0%| F|  |TAMS 0x0000000082f00000, 0x0000000082f00000| Untracked 
|  48|0x0000000083000000, 0x0000000083000000, 0x0000000083100000|  0%| F|  |TAMS 0x0000000083000000, 0x0000000083000000| Untracked 
|  49|0x0000000083100000, 0x0000000083100000, 0x0000000083200000|  0%| F|  |TAMS 0x0000000083100000, 0x0000000083100000| Untracked 
|  50|0x0000000083200000, 0x0000000083200000, 0x0000000083300000|  0%| F|  |TAMS 0x0000000083200000, 0x0000000083200000| Untracked 
|  51|0x0000000083300000, 0x0000000083300000, 0x0000000083400000|  0%| F|  |TAMS 0x0000000083300000, 0x0000000083300000| Untracked 
|  52|0x0000000083400000, 0x0000000083400000, 0x0000000083500000|  0%| F|  |TAMS 0x0000000083400000, 0x0000000083400000| Untracked 
|  53|0x0000000083500000, 0x0000000083500000, 0x0000000083600000|  0%| F|  |TAMS 0x0000000083500000, 0x0000000083500000| Untracked 
|  54|0x0000000083600000, 0x0000000083600000, 0x0000000083700000|  0%| F|  |TAMS 0x0000000083600000, 0x0000000083600000| Untracked 
|  55|0x0000000083700000, 0x0000000083700000, 0x0000000083800000|  0%| F|  |TAMS 0x0000000083700000, 0x0000000083700000| Untracked 
|  56|0x0000000083800000, 0x0000000083800000, 0x0000000083900000|  0%| F|  |TAMS 0x0000000083800000, 0x0000000083800000| Untracked 
|  57|0x0000000083900000, 0x0000000083900000, 0x0000000083a00000|  0%| F|  |TAMS 0x0000000083900000, 0x0000000083900000| Untracked 
|  58|0x0000000083a00000, 0x0000000083a00000, 0x0000000083b00000|  0%| F|  |TAMS 0x0000000083a00000, 0x0000000083a00000| Untracked 
|  59|0x0000000083b00000, 0x0000000083b00000, 0x0000000083c00000|  0%| F|  |TAMS 0x0000000083b00000, 0x0000000083b00000| Untracked 
|  60|0x0000000083c00000, 0x0000000083c00000, 0x0000000083d00000|  0%| F|  |TAMS 0x0000000083c00000, 0x0000000083c00000| Untracked 
|  61|0x0000000083d00000, 0x0000000083d00000, 0x0000000083e00000|  0%| F|  |TAMS 0x0000000083d00000, 0x0000000083d00000| Untracked 
|  62|0x0000000083e00000, 0x0000000083e00000, 0x0000000083f00000|  0%| F|  |TAMS 0x0000000083e00000, 0x0000000083e00000| Untracked 
|  63|0x0000000083f00000, 0x0000000083f00000, 0x0000000084000000|  0%| F|  |TAMS 0x0000000083f00000, 0x0000000083f00000| Untracked 
|  64|0x0000000084000000, 0x0000000084000000, 0x0000000084100000|  0%| F|  |TAMS 0x0000000084000000, 0x0000000084000000| Untracked 
|  65|0x0000000084100000, 0x0000000084100000, 0x0000000084200000|  0%| F|  |TAMS 0x0000000084100000, 0x0000000084100000| Untracked 
|  66|0x0000000084200000, 0x0000000084200000, 0x0000000084300000|  0%| F|  |TAMS 0x0000000084200000, 0x0000000084200000| Untracked 
|  67|0x0000000084300000, 0x0000000084300000, 0x0000000084400000|  0%| F|  |TAMS 0x0000000084300000, 0x0000000084300000| Untracked 
|  68|0x0000000084400000, 0x0000000084400000, 0x0000000084500000|  0%| F|  |TAMS 0x0000000084400000, 0x0000000084400000| Untracked 
|  69|0x0000000084500000, 0x0000000084500000, 0x0000000084600000|  0%| F|  |TAMS 0x0000000084500000, 0x0000000084500000| Untracked 
|  70|0x0000000084600000, 0x0000000084600000, 0x0000000084700000|  0%| F|  |TAMS 0x0000000084600000, 0x0000000084600000| Untracked 
|  71|0x0000000084700000, 0x0000000084700000, 0x0000000084800000|  0%| F|  |TAMS 0x0000000084700000, 0x0000000084700000| Untracked 
|  72|0x0000000084800000, 0x0000000084800000, 0x0000000084900000|  0%| F|  |TAMS 0x0000000084800000, 0x0000000084800000| Untracked 
|  73|0x0000000084900000, 0x0000000084900000, 0x0000000084a00000|  0%| F|  |TAMS 0x0000000084900000, 0x0000000084900000| Untracked 
|  74|0x0000000084a00000, 0x0000000084a00000, 0x0000000084b00000|  0%| F|  |TAMS 0x0000000084a00000, 0x0000000084a00000| Untracked 
|  75|0x0000000084b00000, 0x0000000084b00000, 0x0000000084c00000|  0%| F|  |TAMS 0x0000000084b00000, 0x0000000084b00000| Untracked 
|  76|0x0000000084c00000, 0x0000000084c00000, 0x0000000084d00000|  0%| F|  |TAMS 0x0000000084c00000, 0x0000000084c00000| Untracked 
|  77|0x0000000084d00000, 0x0000000084d00000, 0x0000000084e00000|  0%| F|  |TAMS 0x0000000084d00000, 0x0000000084d00000| Untracked 
|  78|0x0000000084e00000, 0x0000000084e00000, 0x0000000084f00000|  0%| F|  |TAMS 0x0000000084e00000, 0x0000000084e00000| Untracked 
|  79|0x0000000084f00000, 0x0000000084f00000, 0x0000000085000000|  0%| F|  |TAMS 0x0000000084f00000, 0x0000000084f00000| Untracked 
|  80|0x0000000085000000, 0x0000000085000000, 0x0000000085100000|  0%| F|  |TAMS 0x0000000085000000, 0x0000000085000000| Untracked 
|  81|0x0000000085100000, 0x0000000085100000, 0x0000000085200000|  0%| F|  |TAMS 0x0000000085100000, 0x0000000085100000| Untracked 
|  82|0x0000000085200000, 0x0000000085200000, 0x0000000085300000|  0%| F|  |TAMS 0x0000000085200000, 0x0000000085200000| Untracked 
|  83|0x0000000085300000, 0x0000000085300000, 0x0000000085400000|  0%| F|  |TAMS 0x0000000085300000, 0x0000000085300000| Untracked 
|  84|0x0000000085400000, 0x0000000085400000, 0x0000000085500000|  0%| F|  |TAMS 0x0000000085400000, 0x0000000085400000| Untracked 
|  85|0x0000000085500000, 0x0000000085500000, 0x0000000085600000|  0%| F|  |TAMS 0x0000000085500000, 0x0000000085500000| Untracked 
|  86|0x0000000085600000, 0x0000000085600000, 0x0000000085700000|  0%| F|  |TAMS 0x0000000085600000, 0x0000000085600000| Untracked 
|  87|0x0000000085700000, 0x0000000085700000, 0x0000000085800000|  0%| F|  |TAMS 0x0000000085700000, 0x0000000085700000| Untracked 
|  88|0x0000000085800000, 0x0000000085800000, 0x0000000085900000|  0%| F|  |TAMS 0x0000000085800000, 0x0000000085800000| Untracked 
|  89|0x0000000085900000, 0x0000000085900000, 0x0000000085a00000|  0%| F|  |TAMS 0x0000000085900000, 0x0000000085900000| Untracked 
|  90|0x0000000085a00000, 0x0000000085a00000, 0x0000000085b00000|  0%| F|  |TAMS 0x0000000085a00000, 0x0000000085a00000| Untracked 
|  91|0x0000000085b00000, 0x0000000085b00000, 0x0000000085c00000|  0%| F|  |TAMS 0x0000000085b00000, 0x0000000085b00000| Untracked 
|  92|0x0000000085c00000, 0x0000000085c30020, 0x0000000085d00000| 18%| S|CS|TAMS 0x0000000085c00000, 0x0000000085c00000| Complete 
|  93|0x0000000085d00000, 0x0000000085e00000, 0x0000000085e00000|100%| S|CS|TAMS 0x0000000085d00000, 0x0000000085d00000| Complete 
|  94|0x0000000085e00000, 0x0000000085f00000, 0x0000000085f00000|100%| S|CS|TAMS 0x0000000085e00000, 0x0000000085e00000| Complete 
|  95|0x0000000085f00000, 0x0000000086000000, 0x0000000086000000|100%| S|CS|TAMS 0x0000000085f00000, 0x0000000085f00000| Complete 
|  96|0x0000000086000000, 0x0000000086100000, 0x0000000086100000|100%| S|CS|TAMS 0x0000000086000000, 0x0000000086000000| Complete 
|  97|0x0000000086100000, 0x0000000086200000, 0x0000000086200000|100%| S|CS|TAMS 0x0000000086100000, 0x0000000086100000| Complete 
|  98|0x0000000086200000, 0x0000000086300000, 0x0000000086300000|100%| S|CS|TAMS 0x0000000086200000, 0x0000000086200000| Complete 
|  99|0x0000000086300000, 0x0000000086400000, 0x0000000086400000|100%| S|CS|TAMS 0x0000000086300000, 0x0000000086300000| Complete 
| 100|0x0000000086400000, 0x0000000086500000, 0x0000000086500000|100%| S|CS|TAMS 0x0000000086400000, 0x0000000086400000| Complete 
| 101|0x0000000086500000, 0x0000000086600000, 0x0000000086600000|100%| S|CS|TAMS 0x0000000086500000, 0x0000000086500000| Complete 
| 102|0x0000000086600000, 0x0000000086600000, 0x0000000086700000|  0%| F|  |TAMS 0x0000000086600000, 0x0000000086600000| Untracked 
| 103|0x0000000086700000, 0x0000000086700000, 0x0000000086800000|  0%| F|  |TAMS 0x0000000086700000, 0x0000000086700000| Untracked 
| 104|0x0000000086800000, 0x0000000086800000, 0x0000000086900000|  0%| F|  |TAMS 0x0000000086800000, 0x0000000086800000| Untracked 
| 105|0x0000000086900000, 0x0000000086900000, 0x0000000086a00000|  0%| F|  |TAMS 0x0000000086900000, 0x0000000086900000| Untracked 
| 106|0x0000000086a00000, 0x0000000086a00000, 0x0000000086b00000|  0%| F|  |TAMS 0x0000000086a00000, 0x0000000086a00000| Untracked 
| 107|0x0000000086b00000, 0x0000000086b00000, 0x0000000086c00000|  0%| F|  |TAMS 0x0000000086b00000, 0x0000000086b00000| Untracked 
| 108|0x0000000086c00000, 0x0000000086c00000, 0x0000000086d00000|  0%| F|  |TAMS 0x0000000086c00000, 0x0000000086c00000| Untracked 
| 109|0x0000000086d00000, 0x0000000086d00000, 0x0000000086e00000|  0%| F|  |TAMS 0x0000000086d00000, 0x0000000086d00000| Untracked 
| 110|0x0000000086e00000, 0x0000000086e00000, 0x0000000086f00000|  0%| F|  |TAMS 0x0000000086e00000, 0x0000000086e00000| Untracked 
| 111|0x0000000086f00000, 0x0000000086f00000, 0x0000000087000000|  0%| F|  |TAMS 0x0000000086f00000, 0x0000000086f00000| Untracked 
| 112|0x0000000087000000, 0x0000000087000000, 0x0000000087100000|  0%| F|  |TAMS 0x0000000087000000, 0x0000000087000000| Untracked 
| 113|0x0000000087100000, 0x0000000087100000, 0x0000000087200000|  0%| F|  |TAMS 0x0000000087100000, 0x0000000087100000| Untracked 
| 114|0x0000000087200000, 0x0000000087300000, 0x0000000087300000|100%| S|CS|TAMS 0x0000000087200000, 0x0000000087200000| Complete 
| 115|0x0000000087300000, 0x0000000087400000, 0x0000000087400000|100%| S|CS|TAMS 0x0000000087300000, 0x0000000087300000| Complete 
| 116|0x0000000087400000, 0x0000000087400000, 0x0000000087500000|  0%| F|  |TAMS 0x0000000087400000, 0x0000000087400000| Untracked 
| 117|0x0000000087500000, 0x0000000087500000, 0x0000000087600000|  0%| F|  |TAMS 0x0000000087500000, 0x0000000087500000| Untracked 
| 118|0x0000000087600000, 0x0000000087600000, 0x0000000087700000|  0%| F|  |TAMS 0x0000000087600000, 0x0000000087600000| Untracked 
| 119|0x0000000087700000, 0x0000000087700000, 0x0000000087800000|  0%| F|  |TAMS 0x0000000087700000, 0x0000000087700000| Untracked 
| 120|0x0000000087800000, 0x0000000087800000, 0x0000000087900000|  0%| F|  |TAMS 0x0000000087800000, 0x0000000087800000| Untracked 
| 121|0x0000000087900000, 0x0000000087900000, 0x0000000087a00000|  0%| F|  |TAMS 0x0000000087900000, 0x0000000087900000| Untracked 
| 122|0x0000000087a00000, 0x0000000087a00000, 0x0000000087b00000|  0%| F|  |TAMS 0x0000000087a00000, 0x0000000087a00000| Untracked 
| 123|0x0000000087b00000, 0x0000000087b00000, 0x0000000087c00000|  0%| F|  |TAMS 0x0000000087b00000, 0x0000000087b00000| Untracked 
| 124|0x0000000087c00000, 0x0000000087c00000, 0x0000000087d00000|  0%| F|  |TAMS 0x0000000087c00000, 0x0000000087c00000| Untracked 
| 125|0x0000000087d00000, 0x0000000087d00000, 0x0000000087e00000|  0%| F|  |TAMS 0x0000000087d00000, 0x0000000087d00000| Untracked 
| 126|0x0000000087e00000, 0x0000000087e00000, 0x0000000087f00000|  0%| F|  |TAMS 0x0000000087e00000, 0x0000000087e00000| Untracked 
| 127|0x0000000087f00000, 0x0000000087f00000, 0x0000000088000000|  0%| F|  |TAMS 0x0000000087f00000, 0x0000000087f00000| Untracked 
| 128|0x0000000088000000, 0x0000000088000000, 0x0000000088100000|  0%| F|  |TAMS 0x0000000088000000, 0x0000000088000000| Untracked 
| 129|0x0000000088100000, 0x0000000088100000, 0x0000000088200000|  0%| F|  |TAMS 0x0000000088100000, 0x0000000088100000| Untracked 
| 130|0x0000000088200000, 0x0000000088200000, 0x0000000088300000|  0%| F|  |TAMS 0x0000000088200000, 0x0000000088200000| Untracked 
| 131|0x0000000088300000, 0x0000000088300000, 0x0000000088400000|  0%| F|  |TAMS 0x0000000088300000, 0x0000000088300000| Untracked 
| 132|0x0000000088400000, 0x0000000088400000, 0x0000000088500000|  0%| F|  |TAMS 0x0000000088400000, 0x0000000088400000| Untracked 
| 133|0x0000000088500000, 0x0000000088500000, 0x0000000088600000|  0%| F|  |TAMS 0x0000000088500000, 0x0000000088500000| Untracked 
| 134|0x0000000088600000, 0x0000000088600000, 0x0000000088700000|  0%| F|  |TAMS 0x0000000088600000, 0x0000000088600000| Untracked 
| 135|0x0000000088700000, 0x0000000088700000, 0x0000000088800000|  0%| F|  |TAMS 0x0000000088700000, 0x0000000088700000| Untracked 
| 136|0x0000000088800000, 0x0000000088800000, 0x0000000088900000|  0%| F|  |TAMS 0x0000000088800000, 0x0000000088800000| Untracked 
| 137|0x0000000088900000, 0x0000000088900000, 0x0000000088a00000|  0%| F|  |TAMS 0x0000000088900000, 0x0000000088900000| Untracked 
| 138|0x0000000088a00000, 0x0000000088a00000, 0x0000000088b00000|  0%| F|  |TAMS 0x0000000088a00000, 0x0000000088a00000| Untracked 
| 139|0x0000000088b00000, 0x0000000088b00000, 0x0000000088c00000|  0%| F|  |TAMS 0x0000000088b00000, 0x0000000088b00000| Untracked 
| 140|0x0000000088c00000, 0x0000000088c00000, 0x0000000088d00000|  0%| F|  |TAMS 0x0000000088c00000, 0x0000000088c00000| Untracked 
| 141|0x0000000088d00000, 0x0000000088d00000, 0x0000000088e00000|  0%| F|  |TAMS 0x0000000088d00000, 0x0000000088d00000| Untracked 
| 142|0x0000000088e00000, 0x0000000088e00000, 0x0000000088f00000|  0%| F|  |TAMS 0x0000000088e00000, 0x0000000088e00000| Untracked 
| 143|0x0000000088f00000, 0x0000000088f00000, 0x0000000089000000|  0%| F|  |TAMS 0x0000000088f00000, 0x0000000088f00000| Untracked 
| 144|0x0000000089000000, 0x0000000089000000, 0x0000000089100000|  0%| F|  |TAMS 0x0000000089000000, 0x0000000089000000| Untracked 
| 145|0x0000000089100000, 0x0000000089100000, 0x0000000089200000|  0%| F|  |TAMS 0x0000000089100000, 0x0000000089100000| Untracked 
| 146|0x0000000089200000, 0x0000000089200000, 0x0000000089300000|  0%| F|  |TAMS 0x0000000089200000, 0x0000000089200000| Untracked 
| 147|0x0000000089300000, 0x0000000089300000, 0x0000000089400000|  0%| F|  |TAMS 0x0000000089300000, 0x0000000089300000| Untracked 
| 148|0x0000000089400000, 0x0000000089400000, 0x0000000089500000|  0%| F|  |TAMS 0x0000000089400000, 0x0000000089400000| Untracked 
| 149|0x0000000089500000, 0x0000000089500000, 0x0000000089600000|  0%| F|  |TAMS 0x0000000089500000, 0x0000000089500000| Untracked 
| 150|0x0000000089600000, 0x0000000089600000, 0x0000000089700000|  0%| F|  |TAMS 0x0000000089600000, 0x0000000089600000| Untracked 
| 151|0x0000000089700000, 0x0000000089700000, 0x0000000089800000|  0%| F|  |TAMS 0x0000000089700000, 0x0000000089700000| Untracked 
| 152|0x0000000089800000, 0x0000000089800000, 0x0000000089900000|  0%| F|  |TAMS 0x0000000089800000, 0x0000000089800000| Untracked 
| 153|0x0000000089900000, 0x0000000089900000, 0x0000000089a00000|  0%| F|  |TAMS 0x0000000089900000, 0x0000000089900000| Untracked 
| 154|0x0000000089a00000, 0x0000000089a00000, 0x0000000089b00000|  0%| F|  |TAMS 0x0000000089a00000, 0x0000000089a00000| Untracked 
| 155|0x0000000089b00000, 0x0000000089b00000, 0x0000000089c00000|  0%| F|  |TAMS 0x0000000089b00000, 0x0000000089b00000| Untracked 
| 156|0x0000000089c00000, 0x0000000089c00000, 0x0000000089d00000|  0%| F|  |TAMS 0x0000000089c00000, 0x0000000089c00000| Untracked 
| 157|0x0000000089d00000, 0x0000000089d00000, 0x0000000089e00000|  0%| F|  |TAMS 0x0000000089d00000, 0x0000000089d00000| Untracked 
| 158|0x0000000089e00000, 0x0000000089e00000, 0x0000000089f00000|  0%| F|  |TAMS 0x0000000089e00000, 0x0000000089e00000| Untracked 
| 159|0x0000000089f00000, 0x0000000089f00000, 0x000000008a000000|  0%| F|  |TAMS 0x0000000089f00000, 0x0000000089f00000| Untracked 
| 160|0x000000008a000000, 0x000000008a000000, 0x000000008a100000|  0%| F|  |TAMS 0x000000008a000000, 0x000000008a000000| Untracked 
| 161|0x000000008a100000, 0x000000008a100000, 0x000000008a200000|  0%| F|  |TAMS 0x000000008a100000, 0x000000008a100000| Untracked 
| 162|0x000000008a200000, 0x000000008a200000, 0x000000008a300000|  0%| F|  |TAMS 0x000000008a200000, 0x000000008a200000| Untracked 
| 163|0x000000008a300000, 0x000000008a300000, 0x000000008a400000|  0%| F|  |TAMS 0x000000008a300000, 0x000000008a300000| Untracked 
| 164|0x000000008a400000, 0x000000008a400000, 0x000000008a500000|  0%| F|  |TAMS 0x000000008a400000, 0x000000008a400000| Untracked 
| 165|0x000000008a500000, 0x000000008a500000, 0x000000008a600000|  0%| F|  |TAMS 0x000000008a500000, 0x000000008a500000| Untracked 
| 166|0x000000008a600000, 0x000000008a600000, 0x000000008a700000|  0%| F|  |TAMS 0x000000008a600000, 0x000000008a600000| Untracked 
| 167|0x000000008a700000, 0x000000008a700000, 0x000000008a800000|  0%| F|  |TAMS 0x000000008a700000, 0x000000008a700000| Untracked 
| 168|0x000000008a800000, 0x000000008a800000, 0x000000008a900000|  0%| F|  |TAMS 0x000000008a800000, 0x000000008a800000| Untracked 
| 169|0x000000008a900000, 0x000000008a900000, 0x000000008aa00000|  0%| F|  |TAMS 0x000000008a900000, 0x000000008a900000| Untracked 
| 170|0x000000008aa00000, 0x000000008aa00000, 0x000000008ab00000|  0%| F|  |TAMS 0x000000008aa00000, 0x000000008aa00000| Untracked 
| 171|0x000000008ab00000, 0x000000008ab00000, 0x000000008ac00000|  0%| F|  |TAMS 0x000000008ab00000, 0x000000008ab00000| Untracked 
| 172|0x000000008ac00000, 0x000000008ac00000, 0x000000008ad00000|  0%| F|  |TAMS 0x000000008ac00000, 0x000000008ac00000| Untracked 
| 173|0x000000008ad00000, 0x000000008ad00000, 0x000000008ae00000|  0%| F|  |TAMS 0x000000008ad00000, 0x000000008ad00000| Untracked 
| 174|0x000000008ae00000, 0x000000008ae00000, 0x000000008af00000|  0%| F|  |TAMS 0x000000008ae00000, 0x000000008ae00000| Untracked 
| 175|0x000000008af00000, 0x000000008af00000, 0x000000008b000000|  0%| F|  |TAMS 0x000000008af00000, 0x000000008af00000| Untracked 
| 176|0x000000008b000000, 0x000000008b000000, 0x000000008b100000|  0%| F|  |TAMS 0x000000008b000000, 0x000000008b000000| Untracked 
| 177|0x000000008b100000, 0x000000008b100000, 0x000000008b200000|  0%| F|  |TAMS 0x000000008b100000, 0x000000008b100000| Untracked 
| 178|0x000000008b200000, 0x000000008b200000, 0x000000008b300000|  0%| F|  |TAMS 0x000000008b200000, 0x000000008b200000| Untracked 
| 179|0x000000008b300000, 0x000000008b300000, 0x000000008b400000|  0%| F|  |TAMS 0x000000008b300000, 0x000000008b300000| Untracked 
| 180|0x000000008b400000, 0x000000008b400000, 0x000000008b500000|  0%| F|  |TAMS 0x000000008b400000, 0x000000008b400000| Untracked 
| 181|0x000000008b500000, 0x000000008b500000, 0x000000008b600000|  0%| F|  |TAMS 0x000000008b500000, 0x000000008b500000| Untracked 
| 182|0x000000008b600000, 0x000000008b600000, 0x000000008b700000|  0%| F|  |TAMS 0x000000008b600000, 0x000000008b600000| Untracked 
| 183|0x000000008b700000, 0x000000008b700000, 0x000000008b800000|  0%| F|  |TAMS 0x000000008b700000, 0x000000008b700000| Untracked 
| 184|0x000000008b800000, 0x000000008b800000, 0x000000008b900000|  0%| F|  |TAMS 0x000000008b800000, 0x000000008b800000| Untracked 
| 185|0x000000008b900000, 0x000000008b900000, 0x000000008ba00000|  0%| F|  |TAMS 0x000000008b900000, 0x000000008b900000| Untracked 
| 186|0x000000008ba00000, 0x000000008ba00000, 0x000000008bb00000|  0%| F|  |TAMS 0x000000008ba00000, 0x000000008ba00000| Untracked 
| 187|0x000000008bb00000, 0x000000008bb00000, 0x000000008bc00000|  0%| F|  |TAMS 0x000000008bb00000, 0x000000008bb00000| Untracked 
| 188|0x000000008bc00000, 0x000000008bc00000, 0x000000008bd00000|  0%| F|  |TAMS 0x000000008bc00000, 0x000000008bc00000| Untracked 
| 189|0x000000008bd00000, 0x000000008bd00000, 0x000000008be00000|  0%| F|  |TAMS 0x000000008bd00000, 0x000000008bd00000| Untracked 
| 190|0x000000008be00000, 0x000000008be00000, 0x000000008bf00000|  0%| F|  |TAMS 0x000000008be00000, 0x000000008be00000| Untracked 
| 191|0x000000008bf00000, 0x000000008bf00000, 0x000000008c000000|  0%| F|  |TAMS 0x000000008bf00000, 0x000000008bf00000| Untracked 
| 192|0x000000008c000000, 0x000000008c000000, 0x000000008c100000|  0%| F|  |TAMS 0x000000008c000000, 0x000000008c000000| Untracked 
| 193|0x000000008c100000, 0x000000008c100000, 0x000000008c200000|  0%| F|  |TAMS 0x000000008c100000, 0x000000008c100000| Untracked 
| 194|0x000000008c200000, 0x000000008c200000, 0x000000008c300000|  0%| F|  |TAMS 0x000000008c200000, 0x000000008c200000| Untracked 
| 195|0x000000008c300000, 0x000000008c300000, 0x000000008c400000|  0%| F|  |TAMS 0x000000008c300000, 0x000000008c300000| Untracked 
| 196|0x000000008c400000, 0x000000008c400000, 0x000000008c500000|  0%| F|  |TAMS 0x000000008c400000, 0x000000008c400000| Untracked 
| 197|0x000000008c500000, 0x000000008c500000, 0x000000008c600000|  0%| F|  |TAMS 0x000000008c500000, 0x000000008c500000| Untracked 
| 198|0x000000008c600000, 0x000000008c600000, 0x000000008c700000|  0%| F|  |TAMS 0x000000008c600000, 0x000000008c600000| Untracked 
| 199|0x000000008c700000, 0x000000008c700000, 0x000000008c800000|  0%| F|  |TAMS 0x000000008c700000, 0x000000008c700000| Untracked 
| 200|0x000000008c800000, 0x000000008c800000, 0x000000008c900000|  0%| F|  |TAMS 0x000000008c800000, 0x000000008c800000| Untracked 
| 201|0x000000008c900000, 0x000000008c900000, 0x000000008ca00000|  0%| F|  |TAMS 0x000000008c900000, 0x000000008c900000| Untracked 
| 202|0x000000008ca00000, 0x000000008ca00000, 0x000000008cb00000|  0%| F|  |TAMS 0x000000008ca00000, 0x000000008ca00000| Untracked 
| 203|0x000000008cb00000, 0x000000008cb00000, 0x000000008cc00000|  0%| F|  |TAMS 0x000000008cb00000, 0x000000008cb00000| Untracked 
| 204|0x000000008cc00000, 0x000000008cc00000, 0x000000008cd00000|  0%| F|  |TAMS 0x000000008cc00000, 0x000000008cc00000| Untracked 
| 205|0x000000008cd00000, 0x000000008cd00000, 0x000000008ce00000|  0%| F|  |TAMS 0x000000008cd00000, 0x000000008cd00000| Untracked 
| 206|0x000000008ce00000, 0x000000008ce00000, 0x000000008cf00000|  0%| F|  |TAMS 0x000000008ce00000, 0x000000008ce00000| Untracked 
| 207|0x000000008cf00000, 0x000000008cf00000, 0x000000008d000000|  0%| F|  |TAMS 0x000000008cf00000, 0x000000008cf00000| Untracked 
| 208|0x000000008d000000, 0x000000008d000000, 0x000000008d100000|  0%| F|  |TAMS 0x000000008d000000, 0x000000008d000000| Untracked 
| 209|0x000000008d100000, 0x000000008d100000, 0x000000008d200000|  0%| F|  |TAMS 0x000000008d100000, 0x000000008d100000| Untracked 
| 210|0x000000008d200000, 0x000000008d200000, 0x000000008d300000|  0%| F|  |TAMS 0x000000008d200000, 0x000000008d200000| Untracked 
| 211|0x000000008d300000, 0x000000008d300000, 0x000000008d400000|  0%| F|  |TAMS 0x000000008d300000, 0x000000008d300000| Untracked 
| 212|0x000000008d400000, 0x000000008d400000, 0x000000008d500000|  0%| F|  |TAMS 0x000000008d400000, 0x000000008d400000| Untracked 
| 213|0x000000008d500000, 0x000000008d500000, 0x000000008d600000|  0%| F|  |TAMS 0x000000008d500000, 0x000000008d500000| Untracked 
| 214|0x000000008d600000, 0x000000008d600000, 0x000000008d700000|  0%| F|  |TAMS 0x000000008d600000, 0x000000008d600000| Untracked 
| 215|0x000000008d700000, 0x000000008d700000, 0x000000008d800000|  0%| F|  |TAMS 0x000000008d700000, 0x000000008d700000| Untracked 
| 216|0x000000008d800000, 0x000000008d800000, 0x000000008d900000|  0%| F|  |TAMS 0x000000008d800000, 0x000000008d800000| Untracked 
| 217|0x000000008d900000, 0x000000008d900000, 0x000000008da00000|  0%| F|  |TAMS 0x000000008d900000, 0x000000008d900000| Untracked 
| 218|0x000000008da00000, 0x000000008da00000, 0x000000008db00000|  0%| F|  |TAMS 0x000000008da00000, 0x000000008da00000| Untracked 
| 219|0x000000008db00000, 0x000000008db00000, 0x000000008dc00000|  0%| F|  |TAMS 0x000000008db00000, 0x000000008db00000| Untracked 
| 220|0x000000008dc00000, 0x000000008dc00000, 0x000000008dd00000|  0%| F|  |TAMS 0x000000008dc00000, 0x000000008dc00000| Untracked 
| 221|0x000000008dd00000, 0x000000008dd00000, 0x000000008de00000|  0%| F|  |TAMS 0x000000008dd00000, 0x000000008dd00000| Untracked 
| 222|0x000000008de00000, 0x000000008de00000, 0x000000008df00000|  0%| F|  |TAMS 0x000000008de00000, 0x000000008de00000| Untracked 
| 223|0x000000008df00000, 0x000000008df00000, 0x000000008e000000|  0%| F|  |TAMS 0x000000008df00000, 0x000000008df00000| Untracked 
| 224|0x000000008e000000, 0x000000008e000000, 0x000000008e100000|  0%| F|  |TAMS 0x000000008e000000, 0x000000008e000000| Untracked 
| 225|0x000000008e100000, 0x000000008e100000, 0x000000008e200000|  0%| F|  |TAMS 0x000000008e100000, 0x000000008e100000| Untracked 
| 226|0x000000008e200000, 0x000000008e200000, 0x000000008e300000|  0%| F|  |TAMS 0x000000008e200000, 0x000000008e200000| Untracked 
| 227|0x000000008e300000, 0x000000008e300000, 0x000000008e400000|  0%| F|  |TAMS 0x000000008e300000, 0x000000008e300000| Untracked 
| 228|0x000000008e400000, 0x000000008e400000, 0x000000008e500000|  0%| F|  |TAMS 0x000000008e400000, 0x000000008e400000| Untracked 
| 229|0x000000008e500000, 0x000000008e500000, 0x000000008e600000|  0%| F|  |TAMS 0x000000008e500000, 0x000000008e500000| Untracked 
| 230|0x000000008e600000, 0x000000008e600000, 0x000000008e700000|  0%| F|  |TAMS 0x000000008e600000, 0x000000008e600000| Untracked 
| 231|0x000000008e700000, 0x000000008e700000, 0x000000008e800000|  0%| F|  |TAMS 0x000000008e700000, 0x000000008e700000| Untracked 
| 232|0x000000008e800000, 0x000000008e800000, 0x000000008e900000|  0%| F|  |TAMS 0x000000008e800000, 0x000000008e800000| Untracked 
| 233|0x000000008e900000, 0x000000008e900000, 0x000000008ea00000|  0%| F|  |TAMS 0x000000008e900000, 0x000000008e900000| Untracked 
| 234|0x000000008ea00000, 0x000000008ea00000, 0x000000008eb00000|  0%| F|  |TAMS 0x000000008ea00000, 0x000000008ea00000| Untracked 
| 235|0x000000008eb00000, 0x000000008eb00000, 0x000000008ec00000|  0%| F|  |TAMS 0x000000008eb00000, 0x000000008eb00000| Untracked 
| 236|0x000000008ec00000, 0x000000008ec00000, 0x000000008ed00000|  0%| F|  |TAMS 0x000000008ec00000, 0x000000008ec00000| Untracked 
| 237|0x000000008ed00000, 0x000000008ed00000, 0x000000008ee00000|  0%| F|  |TAMS 0x000000008ed00000, 0x000000008ed00000| Untracked 
| 238|0x000000008ee00000, 0x000000008ee00000, 0x000000008ef00000|  0%| F|  |TAMS 0x000000008ee00000, 0x000000008ee00000| Untracked 
| 239|0x000000008ef00000, 0x000000008ef00000, 0x000000008f000000|  0%| F|  |TAMS 0x000000008ef00000, 0x000000008ef00000| Untracked 
| 240|0x000000008f000000, 0x000000008f000000, 0x000000008f100000|  0%| F|  |TAMS 0x000000008f000000, 0x000000008f000000| Untracked 
| 241|0x000000008f100000, 0x000000008f100000, 0x000000008f200000|  0%| F|  |TAMS 0x000000008f100000, 0x000000008f100000| Untracked 
| 242|0x000000008f200000, 0x000000008f200000, 0x000000008f300000|  0%| F|  |TAMS 0x000000008f200000, 0x000000008f200000| Untracked 
| 243|0x000000008f300000, 0x000000008f300000, 0x000000008f400000|  0%| F|  |TAMS 0x000000008f300000, 0x000000008f300000| Untracked 
| 244|0x000000008f400000, 0x000000008f400000, 0x000000008f500000|  0%| F|  |TAMS 0x000000008f400000, 0x000000008f400000| Untracked 
| 245|0x000000008f500000, 0x000000008f500000, 0x000000008f600000|  0%| F|  |TAMS 0x000000008f500000, 0x000000008f500000| Untracked 
| 246|0x000000008f600000, 0x000000008f600000, 0x000000008f700000|  0%| F|  |TAMS 0x000000008f600000, 0x000000008f600000| Untracked 
| 247|0x000000008f700000, 0x000000008f700000, 0x000000008f800000|  0%| F|  |TAMS 0x000000008f700000, 0x000000008f700000| Untracked 
| 248|0x000000008f800000, 0x000000008f800000, 0x000000008f900000|  0%| F|  |TAMS 0x000000008f800000, 0x000000008f800000| Untracked 
| 249|0x000000008f900000, 0x000000008f900000, 0x000000008fa00000|  0%| F|  |TAMS 0x000000008f900000, 0x000000008f900000| Untracked 
| 250|0x000000008fa00000, 0x000000008fa00000, 0x000000008fb00000|  0%| F|  |TAMS 0x000000008fa00000, 0x000000008fa00000| Untracked 
| 251|0x000000008fb00000, 0x000000008fb00000, 0x000000008fc00000|  0%| F|  |TAMS 0x000000008fb00000, 0x000000008fb00000| Untracked 
| 252|0x000000008fc00000, 0x000000008fd00000, 0x000000008fd00000|100%| E|  |TAMS 0x000000008fc00000, 0x000000008fc00000| Complete 
| 253|0x000000008fd00000, 0x000000008fe00000, 0x000000008fe00000|100%| E|CS|TAMS 0x000000008fd00000, 0x000000008fd00000| Complete 
| 254|0x000000008fe00000, 0x000000008ff00000, 0x000000008ff00000|100%| E|CS|TAMS 0x000000008fe00000, 0x000000008fe00000| Complete 
| 255|0x000000008ff00000, 0x0000000090000000, 0x0000000090000000|100%| E|CS|TAMS 0x000000008ff00000, 0x000000008ff00000| Complete 

Card table byte_map: [0x0000023ddd400000,0x0000023ddd800000] _byte_map_base: 0x0000023ddd000000

Marking Bits (Prev, Next): (CMBitMap*) 0x0000023dc95a14b0, (CMBitMap*) 0x0000023dc95a1478
 Prev Bits: [0x0000023ddfc00000, 0x0000023de1c00000)
 Next Bits: [0x0000023dddc00000, 0x0000023ddfc00000)

Polling page: 0x0000023dc7cb0000

Metaspace:

Usage:
  Non-class:     61.77 MB capacity,    60.64 MB ( 98%) used,   967.06 KB (  2%) free+waste,   182.50 KB ( <1%) overhead. 
      Class:      9.65 MB capacity,     9.04 MB ( 94%) used,   538.16 KB (  5%) free+waste,    85.00 KB ( <1%) overhead. 
       Both:     71.42 MB capacity,    69.69 MB ( 98%) used,     1.47 MB (  2%) free+waste,   267.50 KB ( <1%) overhead. 

Virtual space:
  Non-class space:       62.00 MB reserved,      61.87 MB (>99%) committed 
      Class space:        1.00 GB reserved,       9.75 MB ( <1%) committed 
             Both:        1.06 GB reserved,      71.62 MB (  7%) committed 

Chunk freelists:
   Non-Class:  42.00 KB
       Class:  7.00 KB
        Both:  49.00 KB

MaxMetaspaceSize: 17179869184.00 GB
CompressedClassSpaceSize: 1.00 GB

CodeHeap 'non-profiled nmethods': size=119168Kb used=4052Kb max_used=4052Kb free=115115Kb
 bounds [0x0000023dd4bf0000, 0x0000023dd4ff0000, 0x0000023ddc050000]
CodeHeap 'profiled nmethods': size=119168Kb used=16023Kb max_used=16023Kb free=103144Kb
 bounds [0x0000023dcd790000, 0x0000023dce740000, 0x0000023dd4bf0000]
CodeHeap 'non-nmethods': size=7424Kb used=3392Kb max_used=3958Kb free=4031Kb
 bounds [0x0000023dcd050000, 0x0000023dcd430000, 0x0000023dcd790000]
 total_blobs=8168 nmethods=7304 adapters=773
 compilation: enabled
              stopped_count=0, restarted_count=0
 full_count=0

Compilation events (20 events):
Event: 18.046 Thread 0x0000023de4c82000 7359       3       com.google.common.collect.AbstractMapBasedMultimap$KeySet$1::<init> (15 bytes)
Event: 18.046 Thread 0x0000023de6805800 nmethod 7357 0x0000023dce718410 code [0x0000023dce7185c0, 0x0000023dce718808]
Event: 18.046 Thread 0x0000023de4c82000 nmethod 7359 0x0000023dce718910 code [0x0000023dce718ac0, 0x0000023dce718cd8]
Event: 18.046 Thread 0x0000023de5560800 nmethod 7358 0x0000023dce718d90 code [0x0000023dce718f80, 0x0000023dce719458]
Event: 18.046 Thread 0x0000023de6805800 7360       3       org.gradle.internal.reflect.MethodSet::add (50 bytes)
Event: 18.047 Thread 0x0000023de6805800 nmethod 7360 0x0000023dce719610 code [0x0000023dce719840, 0x0000023dce71a0b8]
Event: 18.049 Thread 0x0000023de4c82000 7361       1       org.gradle.internal.graph.CachingDirectedGraphWalker$NodeDetails::access$300 (5 bytes)
Event: 18.049 Thread 0x0000023de5560800 7362       1       org.gradle.internal.graph.CachingDirectedGraphWalker$NodeDetails::access$500 (5 bytes)
Event: 18.049 Thread 0x0000023de6805800 7363       1       org.gradle.internal.graph.CachingDirectedGraphWalker$NodeDetails::access$200 (5 bytes)
Event: 18.049 Thread 0x0000023de4c82000 nmethod 7361 0x0000023dd4fd1f10 code [0x0000023dd4fd20c0, 0x0000023dd4fd2158]
Event: 18.049 Thread 0x0000023de5560800 nmethod 7362 0x0000023dd4fd2210 code [0x0000023dd4fd23c0, 0x0000023dd4fd2458]
Event: 18.049 Thread 0x0000023de6805800 nmethod 7363 0x0000023dd4fd2510 code [0x0000023dd4fd26c0, 0x0000023dd4fd2758]
Event: 18.058 Thread 0x0000023de4c82000 7364       3       java.security.ProtectionDomain::<init> (99 bytes)
Event: 18.059 Thread 0x0000023de4c82000 nmethod 7364 0x0000023dce71a390 code [0x0000023dce71a5c0, 0x0000023dce71b0a8]
Event: 18.066 Thread 0x0000023de5560800 7365       3       org.gradle.api.internal.provider.DefaultProviderFactory::provider (23 bytes)
Event: 18.066 Thread 0x0000023de6805800 7366       3       org.gradle.api.internal.provider.DefaultProvider::<init> (10 bytes)
Event: 18.066 Thread 0x0000023de6805800 nmethod 7366 0x0000023dce71b310 code [0x0000023dce71b4c0, 0x0000023dce71b6d8]
Event: 18.066 Thread 0x0000023de5560800 nmethod 7365 0x0000023dce71b810 code [0x0000023dce71ba00, 0x0000023dce71bdc8]
Event: 18.075 Thread 0x0000023de4c82000 7367       3       java.io.WinNTFileSystem::normalize (143 bytes)
Event: 18.076 Thread 0x0000023de4c82000 nmethod 7367 0x0000023dce71bf10 code [0x0000023dce71c1a0, 0x0000023dce71cd38]

GC Heap History (12 events):
Event: 1.473 GC heap before
{Heap before GC invocations=0 (full 0):
 garbage-first heap   total 262144K, used 29696K [0x0000000080000000, 0x0000000100000000)
  region size 1024K, 24 young (24576K), 0 survivors (0K)
 Metaspace       used 10264K, capacity 10493K, committed 10624K, reserved 1058816K
  class space    used 1064K, capacity 1139K, committed 1152K, reserved 1048576K
}
Event: 1.478 GC heap after
{Heap after GC invocations=1 (full 0):
 garbage-first heap   total 262144K, used 9436K [0x0000000080000000, 0x0000000100000000)
  region size 1024K, 3 young (3072K), 3 survivors (3072K)
 Metaspace       used 10264K, capacity 10493K, committed 10624K, reserved 1058816K
  class space    used 1064K, capacity 1139K, committed 1152K, reserved 1048576K
}
Event: 4.928 GC heap before
{Heap before GC invocations=1 (full 0):
 garbage-first heap   total 262144K, used 106716K [0x0000000080000000, 0x0000000100000000)
  region size 1024K, 99 young (101376K), 3 survivors (3072K)
 Metaspace       used 20614K, capacity 21128K, committed 21296K, reserved 1069056K
  class space    used 2499K, capacity 2658K, committed 2688K, reserved 1048576K
}
Event: 4.940 GC heap after
{Heap after GC invocations=2 (full 0):
 garbage-first heap   total 262144K, used 16832K [0x0000000080000000, 0x0000000100000000)
  region size 1024K, 11 young (11264K), 11 survivors (11264K)
 Metaspace       used 20614K, capacity 21128K, committed 21296K, reserved 1069056K
  class space    used 2499K, capacity 2658K, committed 2688K, reserved 1048576K
}
Event: 5.202 GC heap before
{Heap before GC invocations=3 (full 0):
 garbage-first heap   total 262144K, used 39360K [0x0000000080000000, 0x0000000100000000)
  region size 1024K, 33 young (33792K), 11 survivors (11264K)
 Metaspace       used 22328K, capacity 22955K, committed 23216K, reserved 1069056K
  class space    used 2829K, capacity 3036K, committed 3072K, reserved 1048576K
}
Event: 5.212 GC heap after
{Heap after GC invocations=4 (full 0):
 garbage-first heap   total 262144K, used 17885K [0x0000000080000000, 0x0000000100000000)
  region size 1024K, 2 young (2048K), 2 survivors (2048K)
 Metaspace       used 22328K, capacity 22955K, committed 23216K, reserved 1069056K
  class space    used 2829K, capacity 3036K, committed 3072K, reserved 1048576K
}
Event: 6.970 GC heap before
{Heap before GC invocations=4 (full 0):
 garbage-first heap   total 262144K, used 106973K [0x0000000080000000, 0x0000000100000000)
  region size 1024K, 90 young (92160K), 2 survivors (2048K)
 Metaspace       used 34864K, capacity 35606K, committed 35708K, reserved 1081344K
  class space    used 4529K, capacity 4832K, committed 4864K, reserved 1048576K
}
Event: 6.980 GC heap after
{Heap after GC invocations=5 (full 0):
 garbage-first heap   total 262144K, used 22278K [0x0000000080000000, 0x0000000100000000)
  region size 1024K, 6 young (6144K), 6 survivors (6144K)
 Metaspace       used 34864K, capacity 35606K, committed 35708K, reserved 1081344K
  class space    used 4529K, capacity 4832K, committed 4864K, reserved 1048576K
}
Event: 8.669 GC heap before
{Heap before GC invocations=6 (full 0):
 garbage-first heap   total 262144K, used 152326K [0x0000000080000000, 0x0000000100000000)
  region size 1024K, 130 young (133120K), 6 survivors (6144K)
 Metaspace       used 45346K, capacity 46498K, committed 46588K, reserved 1089536K
  class space    used 5806K, capacity 6193K, committed 6272K, reserved 1048576K
}
Event: 8.680 GC heap after
{Heap after GC invocations=7 (full 0):
 garbage-first heap   total 262144K, used 29044K [0x0000000080000000, 0x0000000100000000)
  region size 1024K, 12 young (12288K), 12 survivors (12288K)
 Metaspace       used 45346K, capacity 46498K, committed 46588K, reserved 1089536K
  class space    used 5806K, capacity 6193K, committed 6272K, reserved 1048576K
}
Event: 16.138 GC heap before
{Heap before GC invocations=7 (full 0):
 garbage-first heap   total 262144K, used 160116K [0x0000000080000000, 0x0000000100000000)
  region size 1024K, 137 young (140288K), 12 survivors (12288K)
 Metaspace       used 58305K, capacity 59871K, committed 59940K, reserved 1101824K
  class space    used 7390K, capacity 7918K, committed 7936K, reserved 1048576K
}
Event: 16.166 GC heap after
{Heap after GC invocations=8 (full 0):
 garbage-first heap   total 262144K, used 43441K [0x0000000080000000, 0x0000000100000000)
  region size 1024K, 17 young (17408K), 17 survivors (17408K)
 Metaspace       used 58305K, capacity 59871K, committed 59940K, reserved 1101824K
  class space    used 7390K, capacity 7918K, committed 7936K, reserved 1048576K
}

Deoptimization events (20 events):
Event: 18.003 Thread 0x0000023de6b2a000 Uncommon trap: trap_request=0xffffff4d fr.pc=0x0000023dd4e68958 relative=0x0000000000001ab8
Event: 18.003 Thread 0x0000023de6b2a000 Uncommon trap: reason=unstable_if action=reinterpret pc=0x0000023dd4e68958 method=java.io.WinNTFileSystem.normalize(Ljava/lang/String;II)Ljava/lang/String; @ 100 c2
Event: 18.003 Thread 0x0000023de6b2a000 DEOPT PACKING pc=0x0000023dd4e68958 sp=0x00000078163fa1e0
Event: 18.003 Thread 0x0000023de6b2a000 DEOPT UNPACKING pc=0x0000023dcd0778af sp=0x00000078163fa1e8 mode 2
Event: 18.032 Thread 0x0000023de6b2a000 Uncommon trap: trap_request=0xffffff4d fr.pc=0x0000023dd4c575fc relative=0x0000000000000a1c
Event: 18.032 Thread 0x0000023de6b2a000 Uncommon trap: reason=unstable_if action=reinterpret pc=0x0000023dd4c575fc method=java.util.HashMap.resize()[Ljava/util/HashMap$Node; @ 203 c2
Event: 18.032 Thread 0x0000023de6b2a000 DEOPT PACKING pc=0x0000023dd4c575fc sp=0x00000078163fa270
Event: 18.032 Thread 0x0000023de6b2a000 DEOPT UNPACKING pc=0x0000023dcd0778af sp=0x00000078163fa210 mode 2
Event: 18.032 Thread 0x0000023de6b2a000 Uncommon trap: trap_request=0xffffff4d fr.pc=0x0000023dd4f2ced4 relative=0x00000000000025f4
Event: 18.032 Thread 0x0000023de6b2a000 Uncommon trap: reason=unstable_if action=reinterpret pc=0x0000023dd4f2ced4 method=java.util.HashMap.getNode(ILjava/lang/Object;)Ljava/util/HashMap$Node; @ 84 c2
Event: 18.032 Thread 0x0000023de6b2a000 DEOPT PACKING pc=0x0000023dd4f2ced4 sp=0x00000078163fa310
Event: 18.032 Thread 0x0000023de6b2a000 DEOPT UNPACKING pc=0x0000023dcd0778af sp=0x00000078163fa1f8 mode 2
Event: 18.032 Thread 0x0000023de6b2a000 Uncommon trap: trap_request=0xffffff4d fr.pc=0x0000023dd4f6db90 relative=0x00000000000002d0
Event: 18.032 Thread 0x0000023de6b2a000 Uncommon trap: reason=unstable_if action=reinterpret pc=0x0000023dd4f6db90 method=java.util.HashMap.getNode(ILjava/lang/Object;)Ljava/util/HashMap$Node; @ 84 c2
Event: 18.032 Thread 0x0000023de6b2a000 DEOPT PACKING pc=0x0000023dd4f6db90 sp=0x00000078163fa2c0
Event: 18.032 Thread 0x0000023de6b2a000 DEOPT UNPACKING pc=0x0000023dcd0778af sp=0x00000078163fa1e0 mode 2
Event: 18.032 Thread 0x0000023de6b2a000 Uncommon trap: trap_request=0xffffff4d fr.pc=0x0000023dd4e84e68 relative=0x00000000000001a8
Event: 18.032 Thread 0x0000023de6b2a000 Uncommon trap: reason=unstable_if action=reinterpret pc=0x0000023dd4e84e68 method=java.util.HashMap.getNode(ILjava/lang/Object;)Ljava/util/HashMap$Node; @ 84 c2
Event: 18.032 Thread 0x0000023de6b2a000 DEOPT PACKING pc=0x0000023dd4e84e68 sp=0x00000078163fa260
Event: 18.032 Thread 0x0000023de6b2a000 DEOPT UNPACKING pc=0x0000023dcd0778af sp=0x00000078163fa1e8 mode 2

Classes redefined (0 events):
No events

Internal exceptions (20 events):
Event: 17.177 Thread 0x0000023de6b2a000 Exception <a 'java/lang/ClassNotFoundException'{0x000000008b84d450}: com/android/build/gradle/internal/dsl/BuildType_DecoratedCustomizer> (0x000000008b84d450) thrown at [./src/hotspot/share/classfile/systemDictionary.cpp, line 231]
Event: 17.183 Thread 0x0000023de6b2a000 Exception <a 'java/lang/ClassNotFoundException'{0x000000008b70f7c0}: build_dgzvmgdmmsus4904e2tij2c7k$_run_closure1$_closure4BeanInfo> (0x000000008b70f7c0) thrown at [./src/hotspot/share/classfile/systemDictionary.cpp, line 231]
Event: 17.184 Thread 0x0000023de6b2a000 Exception <a 'java/lang/ClassNotFoundException'{0x000000008b71ff28}: build_dgzvmgdmmsus4904e2tij2c7k$_run_closure1$_closure4Customizer> (0x000000008b71ff28) thrown at [./src/hotspot/share/classfile/systemDictionary.cpp, line 231]
Event: 17.186 Thread 0x0000023de6b2a000 Exception <a 'java/lang/ClassNotFoundException'{0x000000008b748cc8}: build_dgzvmgdmmsus4904e2tij2c7k$_run_closure1BeanInfo> (0x000000008b748cc8) thrown at [./src/hotspot/share/classfile/systemDictionary.cpp, line 231]
Event: 17.186 Thread 0x0000023de6b2a000 Exception <a 'java/lang/ClassNotFoundException'{0x000000008b758ad8}: build_dgzvmgdmmsus4904e2tij2c7k$_run_closure1Customizer> (0x000000008b758ad8) thrown at [./src/hotspot/share/classfile/systemDictionary.cpp, line 231]
Event: 17.189 Thread 0x0000023de6b2a000 Exception <a 'java/lang/ClassNotFoundException'{0x000000008b7b6560}: org/gradle/api/JavaVersionBeanInfo> (0x000000008b7b6560) thrown at [./src/hotspot/share/classfile/systemDictionary.cpp, line 231]
Event: 17.190 Thread 0x0000023de6b2a000 Exception <a 'java/lang/ClassNotFoundException'{0x000000008b7e0808}: org/gradle/api/JavaVersionCustomizer> (0x000000008b7e0808) thrown at [./src/hotspot/share/classfile/systemDictionary.cpp, line 231]
Event: 17.192 Thread 0x0000023de6b2a000 Exception <a 'java/lang/ClassNotFoundException'{0x000000008b635940}: com/android/build/gradle/internal/CompileOptions_DecoratedBeanInfo> (0x000000008b635940) thrown at [./src/hotspot/share/classfile/systemDictionary.cpp, line 231]
Event: 17.193 Thread 0x0000023de6b2a000 Exception <a 'java/lang/ClassNotFoundException'{0x000000008b64cd98}: com/android/build/gradle/internal/CompileOptionsBeanInfo> (0x000000008b64cd98) thrown at [./src/hotspot/share/classfile/systemDictionary.cpp, line 231]
Event: 17.193 Thread 0x0000023de6b2a000 Exception <a 'java/lang/ClassNotFoundException'{0x000000008b664980}: com/android/build/gradle/internal/CompileOptionsCustomizer> (0x000000008b664980) thrown at [./src/hotspot/share/classfile/systemDictionary.cpp, line 231]
Event: 17.193 Thread 0x0000023de6b2a000 Exception <a 'java/lang/ClassNotFoundException'{0x000000008b6891e0}: com/android/build/gradle/internal/CompileOptions_DecoratedCustomizer> (0x000000008b6891e0) thrown at [./src/hotspot/share/classfile/systemDictionary.cpp, line 231]
Event: 17.863 Thread 0x0000023de6b2a000 Exception <a 'java/lang/ClassNotFoundException'{0x0000000088ede840}: com/android/build/gradle/internal/api/ApkVariantOutputImpl_DecoratedBeanInfo> (0x0000000088ede840) thrown at [./src/hotspot/share/classfile/systemDictionary.cpp, line 231]
Event: 17.863 Thread 0x0000023de6b2a000 Exception <a 'java/lang/ClassNotFoundException'{0x0000000088ef8260}: com/android/build/gradle/internal/api/ApkVariantOutputImplBeanInfo> (0x0000000088ef8260) thrown at [./src/hotspot/share/classfile/systemDictionary.cpp, line 231]
Event: 17.863 Thread 0x0000023de6b2a000 Exception <a 'java/lang/ClassNotFoundException'{0x0000000088d12900}: com/android/build/gradle/internal/api/BaseVariantOutputImplBeanInfo> (0x0000000088d12900) thrown at [./src/hotspot/share/classfile/systemDictionary.cpp, line 231]
Event: 17.864 Thread 0x0000023de6b2a000 Exception <a 'java/lang/ClassNotFoundException'{0x0000000088d2cb38}: com/android/build/gradle/internal/api/BaseVariantOutputImplCustomizer> (0x0000000088d2cb38) thrown at [./src/hotspot/share/classfile/systemDictionary.cpp, line 231]
Event: 17.865 Thread 0x0000023de6b2a000 Exception <a 'java/lang/ClassNotFoundException'{0x0000000088d59408}: com/android/build/gradle/internal/api/ApkVariantOutputImplCustomizer> (0x0000000088d59408) thrown at [./src/hotspot/share/classfile/systemDictionary.cpp, line 231]
Event: 17.865 Thread 0x0000023de6b2a000 Exception <a 'java/lang/ClassNotFoundException'{0x0000000088d826a8}: com/android/build/gradle/internal/api/ApkVariantOutputImpl_DecoratedCustomizer> (0x0000000088d826a8) thrown at [./src/hotspot/share/classfile/systemDictionary.cpp, line 231]
Event: 17.875 Thread 0x0000023de6b2a000 Exception <a 'java/lang/NoClassDefFoundError'{0x0000000088ce8740}: org/jetbrains/kotlin/gradle/plugin/KotlinBasePluginWrapper> (0x0000000088ce8740) thrown at [./src/hotspot/share/classfile/systemDictionary.cpp, line 220]
Event: 18.064 Thread 0x0000023de6b2a000 Exception <a 'sun/nio/fs/WindowsException'{0x0000000087ae32c0}> (0x0000000087ae32c0) thrown at [./src/hotspot/share/prims/jni.cpp, line 615]
Event: 18.064 Thread 0x0000023de6b2a000 Exception <a 'sun/nio/fs/WindowsException'{0x0000000087ae3888}> (0x0000000087ae3888) thrown at [./src/hotspot/share/prims/jni.cpp, line 615]

Events (20 events):
Event: 18.077 loading class com/android/repository/api/ProgressIndicatorAdapter done
Event: 18.077 loading class com/android/sdklib/repository/AndroidSdkHandler
Event: 18.077 loading class com/android/sdklib/repository/AndroidSdkHandler done
Event: 18.078 loading class com/android/repository/api/SchemaModule
Event: 18.078 loading class com/android/repository/api/SchemaModule done
Event: 18.079 loading class com/android/sdklib/repository/generated/addon/v1/ObjectFactory
Event: 18.079 loading class com/android/sdklib/repository/generated/addon/v1/ObjectFactory done
Event: 18.079 loading class com/android/sdklib/repository/meta/AddonFactory
Event: 18.079 loading class com/android/sdklib/repository/meta/AddonFactory done
Event: 18.079 loading class com/android/sdklib/repository/meta/DetailsTypes$AddonDetailsType$Libraries
Event: 18.079 loading class com/android/sdklib/repository/meta/DetailsTypes$AddonDetailsType$Libraries done
Event: 18.079 loading class com/android/sdklib/repository/generated/addon/v1/LibrariesType
Event: 18.079 loading class com/android/sdklib/repository/generated/addon/v1/LibrariesType done
Event: 18.080 loading class com/android/sdklib/repository/meta/DetailsTypes$ExtraDetailsType
Event: 18.080 loading class com/android/sdklib/repository/meta/DetailsTypes$ExtraDetailsType done
Event: 18.080 loading class com/android/sdklib/repository/meta/DetailsTypes$AddonDetailsType
Event: 18.080 loading class com/android/sdklib/repository/meta/DetailsTypes$AddonDetailsType done
Event: 18.080 loading class com/android/sdklib/repository/meta/DetailsTypes$ApiDetailsType
Event: 18.080 loading class com/android/sdklib/repository/meta/DetailsTypes$ApiDetailsType done
Event: 18.080 loading class javax/xml/namespace/QName


Dynamic libraries:
0x00007ff67bde0000 - 0x00007ff67bdea000 	D:\android studio\jre\bin\java.exe
0x00007ffb53410000 - 0x00007ffb53605000 	C:\WINDOWS\SYSTEM32\ntdll.dll
0x00007ffb52450000 - 0x00007ffb5250e000 	C:\WINDOWS\System32\KERNEL32.DLL
0x00007ffb50ea0000 - 0x00007ffb51169000 	C:\WINDOWS\System32\KERNELBASE.dll
0x00007ffb50b30000 - 0x00007ffb50c30000 	C:\WINDOWS\System32\ucrtbase.dll
0x00007ffb46330000 - 0x00007ffb46349000 	D:\android studio\jre\bin\jli.dll
0x00007ffb522a0000 - 0x00007ffb52441000 	C:\WINDOWS\System32\USER32.dll
0x00007ffb50de0000 - 0x00007ffb50e02000 	C:\WINDOWS\System32\win32u.dll
0x00007ffb3d080000 - 0x00007ffb3d31a000 	C:\WINDOWS\WinSxS\amd64_microsoft.windows.common-controls_6595b64144ccf1df_6.0.19041.1110_none_60b5254171f9507e\COMCTL32.dll
0x00007ffb528a0000 - 0x00007ffb528cb000 	C:\WINDOWS\System32\GDI32.dll
0x00007ffb51b40000 - 0x00007ffb51bde000 	C:\WINDOWS\System32\msvcrt.dll
0x00007ffb50cd0000 - 0x00007ffb50ddb000 	C:\WINDOWS\System32\gdi32full.dll
0x00007ffb50c30000 - 0x00007ffb50ccd000 	C:\WINDOWS\System32\msvcp_win.dll
0x00007ffb3c720000 - 0x00007ffb3c737000 	D:\android studio\jre\bin\VCRUNTIME140.dll
0x00007ffb53290000 - 0x00007ffb532c0000 	C:\WINDOWS\System32\IMM32.DLL
0x00007ffb2e900000 - 0x00007ffb2e99d000 	D:\android studio\jre\bin\msvcp140.dll
0x00007ffada9f0000 - 0x00007ffadb4bf000 	D:\android studio\jre\bin\server\jvm.dll
0x00007ffb528d0000 - 0x00007ffb5297c000 	C:\WINDOWS\System32\ADVAPI32.dll
0x00007ffb51be0000 - 0x00007ffb51c7b000 	C:\WINDOWS\System32\sechost.dll
0x00007ffb51a10000 - 0x00007ffb51b3a000 	C:\WINDOWS\System32\RPCRT4.dll
0x00007ffb53280000 - 0x00007ffb53288000 	C:\WINDOWS\System32\PSAPI.DLL
0x00007ffb33ba0000 - 0x00007ffb33ba9000 	C:\WINDOWS\SYSTEM32\WSOCK32.dll
0x00007ffb470b0000 - 0x00007ffb470d7000 	C:\WINDOWS\SYSTEM32\WINMM.dll
0x00007ffb4a2c0000 - 0x00007ffb4a2ca000 	C:\WINDOWS\SYSTEM32\VERSION.dll
0x00007ffb525c0000 - 0x00007ffb5262b000 	C:\WINDOWS\System32\WS2_32.dll
0x00007ffb4ea50000 - 0x00007ffb4ea62000 	C:\WINDOWS\SYSTEM32\kernel.appcore.dll
0x00007ffb3c0c0000 - 0x00007ffb3c0d1000 	D:\android studio\jre\bin\verify.dll
0x00007ffb45a70000 - 0x00007ffb45c54000 	C:\WINDOWS\SYSTEM32\DBGHELP.DLL
0x00007ffb45a30000 - 0x00007ffb45a5c000 	C:\WINDOWS\SYSTEM32\dbgcore.DLL
0x00007ffb50e10000 - 0x00007ffb50e93000 	C:\WINDOWS\System32\bcryptPrimitives.dll
0x00007ffb3ba00000 - 0x00007ffb3ba29000 	D:\android studio\jre\bin\java.dll
0x00007ffb461a0000 - 0x00007ffb461ab000 	D:\android studio\jre\bin\jimage.dll
0x00007ffb3a780000 - 0x00007ffb3a798000 	D:\android studio\jre\bin\zip.dll
0x00007ffb52980000 - 0x00007ffb530bf000 	C:\WINDOWS\System32\SHELL32.dll
0x00007ffb4ec50000 - 0x00007ffb4f3e0000 	C:\WINDOWS\SYSTEM32\windows.storage.dll
0x00007ffb51e70000 - 0x00007ffb521c5000 	C:\WINDOWS\System32\combase.dll
0x00007ffb50580000 - 0x00007ffb505ac000 	C:\WINDOWS\SYSTEM32\Wldp.dll
0x00007ffb52510000 - 0x00007ffb525be000 	C:\WINDOWS\System32\SHCORE.dll
0x00007ffb53370000 - 0x00007ffb533c5000 	C:\WINDOWS\System32\shlwapi.dll
0x00007ffb50a70000 - 0x00007ffb50a8f000 	C:\WINDOWS\SYSTEM32\profapi.dll
0x00007ffb39e00000 - 0x00007ffb39e1a000 	D:\android studio\jre\bin\net.dll
0x00007ffb47810000 - 0x00007ffb47918000 	C:\WINDOWS\SYSTEM32\WINHTTP.dll
0x00007ffb502e0000 - 0x00007ffb5034a000 	C:\WINDOWS\system32\mswsock.dll
0x00007ffb397a0000 - 0x00007ffb397b4000 	D:\android studio\jre\bin\nio.dll
0x00007ffb2e040000 - 0x00007ffb2e067000 	C:\Users\docan\.gradle\native\8bec1ad78214c89d9ad589b4d07fe93259594b29d510b10fafb7a158f7737e5d\windows-amd64\native-platform.dll
0x00007ffb0dc90000 - 0x00007ffb0ddcd000 	C:\Users\docan\.gradle\native\53dbd7edfb1c66fb8903c78663c9afc45aea4f116125fa6feffd364cf09443e8\windows-amd64\native-platform-file-events.dll
0x00007ffb45430000 - 0x00007ffb4543a000 	D:\android studio\jre\bin\management.dll
0x00007ffb3c110000 - 0x00007ffb3c11c000 	D:\android studio\jre\bin\management_ext.dll
0x00007ffb504e0000 - 0x00007ffb504f8000 	C:\WINDOWS\SYSTEM32\CRYPTSP.dll
0x00007ffb4fbf0000 - 0x00007ffb4fc24000 	C:\WINDOWS\system32\rsaenh.dll
0x00007ffb51170000 - 0x00007ffb51197000 	C:\WINDOWS\System32\bcrypt.dll
0x00007ffb50a30000 - 0x00007ffb50a5e000 	C:\WINDOWS\SYSTEM32\USERENV.dll
0x00007ffb504d0000 - 0x00007ffb504dc000 	C:\WINDOWS\SYSTEM32\CRYPTBASE.dll
0x00007ffb4ff80000 - 0x00007ffb4ffbb000 	C:\WINDOWS\SYSTEM32\IPHLPAPI.DLL
0x00007ffb52630000 - 0x00007ffb52638000 	C:\WINDOWS\System32\NSI.dll
0x00007ffb4a3c0000 - 0x00007ffb4a3d7000 	C:\WINDOWS\SYSTEM32\dhcpcsvc6.DLL
0x00007ffb4a340000 - 0x00007ffb4a35d000 	C:\WINDOWS\SYSTEM32\dhcpcsvc.DLL
0x00007ffb4ffd0000 - 0x00007ffb5009c000 	C:\WINDOWS\SYSTEM32\DNSAPI.dll

dbghelp: loaded successfully - version: 4.0.5 - missing functions: none
symbol engine: initialized successfully - sym options: 0x614 - pdb path: .;D:\android studio\jre\bin;C:\WINDOWS\SYSTEM32;C:\WINDOWS\WinSxS\amd64_microsoft.windows.common-controls_6595b64144ccf1df_6.0.19041.1110_none_60b5254171f9507e;D:\android studio\jre\bin\server;C:\Users\docan\.gradle\native\8bec1ad78214c89d9ad589b4d07fe93259594b29d510b10fafb7a158f7737e5d\windows-amd64;C:\Users\docan\.gradle\native\53dbd7edfb1c66fb8903c78663c9afc45aea4f116125fa6feffd364cf09443e8\windows-amd64

VM Arguments:
jvm_args: --add-opens=java.base/java.util=ALL-UNNAMED --add-opens=java.base/java.lang=ALL-UNNAMED --add-opens=java.base/java.lang.invoke=ALL-UNNAMED --add-opens=java.base/java.util=ALL-UNNAMED --add-opens=java.prefs/java.util.prefs=ALL-UNNAMED --add-opens=java.prefs/java.util.prefs=ALL-UNNAMED --add-opens=java.base/java.nio.charset=ALL-UNNAMED --add-opens=java.base/java.net=ALL-UNNAMED --add-opens=java.base/java.util.concurrent.atomic=ALL-UNNAMED -Xmx2048m -Dfile.encoding=UTF-8 -Duser.country=DE -Duser.language=de -Duser.variant 
java_command: org.gradle.launcher.daemon.bootstrap.GradleDaemon 7.0.2
java_class_path (initial): C:\Users\docan\.gradle\wrapper\dists\gradle-7.0.2-bin\857tjihv64xamwrf0h14cai3r\gradle-7.0.2\lib\gradle-launcher-7.0.2.jar
Launcher Type: SUN_STANDARD

[Global flags]
     intx CICompilerCount                          = 12                                        {product} {ergonomic}
     uint ConcGCThreads                            = 3                                         {product} {ergonomic}
     uint G1ConcRefinementThreads                  = 13                                        {product} {ergonomic}
   size_t G1HeapRegionSize                         = 1048576                                   {product} {ergonomic}
    uintx GCDrainStackTargetSize                   = 64                                        {product} {ergonomic}
   size_t InitialHeapSize                          = 268435456                                 {product} {ergonomic}
   size_t MarkStackSize                            = 4194304                                   {product} {ergonomic}
   size_t MaxHeapSize                              = 2147483648                                {product} {command line}
   size_t MaxNewSize                               = 1287651328                                {product} {ergonomic}
   size_t MinHeapDeltaBytes                        = 1048576                                   {product} {ergonomic}
    uintx NonNMethodCodeHeapSize                   = 7594288                                {pd product} {ergonomic}
    uintx NonProfiledCodeHeapSize                  = 122031976                              {pd product} {ergonomic}
    uintx ProfiledCodeHeapSize                     = 122031976                              {pd product} {ergonomic}
    uintx ReservedCodeCacheSize                    = 251658240                              {pd product} {ergonomic}
     bool SegmentedCodeCache                       = true                                      {product} {ergonomic}
     bool UseCompressedClassPointers               = true                                 {lp64_product} {ergonomic}
     bool UseCompressedOops                        = true                                 {lp64_product} {ergonomic}
     bool UseG1GC                                  = true                                      {product} {ergonomic}
     bool UseLargePagesIndividualAllocation        = false                                  {pd product} {ergonomic}

Logging:
Log output configuration:
 #0: stdout all=warning uptime,level,tags
 #1: stderr all=off uptime,level,tags

Environment Variables:
PATH=%INTEL_DEV_REDIST%redist\intel64\compiler;C:\Program Files (x86)\Common Files\Oracle\Java\javapath;C:\Program Files\Common Files\Oracle\Java\javapath;C:\Program Files (x86)\VMware\VMware Workstation\bin\;C:\Program Files (x86)\Razer Chroma SDK\bin;C:\Program Files\Razer Chroma SDK\bin;C:\Program Files (x86)\Razer\ChromaBroadcast\bin;C:\Program Files\Razer\ChromaBroadcast\bin;C:\WINDOWS\system32;C:\WINDOWS;C:\WINDOWS\System32\Wbem;C:\WINDOWS\System32\WindowsPowerShell\v1.0\;C:\WINDOWS\System32\OpenSSH\;C:\Program Files\Microsoft SQL Server\120\Tools\Binn\;C:\Program Files (x86)\NVIDIA Corporation\PhysX\Common;C:\Program Files\NVIDIA Corporation\NVIDIA NvDLISR;C:\Program Files (x86)\Brackets\command;C:\Program Files\PuTTY\;C:\FPC\3.0.4\bin\i386-Win32;C:\WINDOWS\system32\config\systemprofile\AppData\Local\Microsoft\WindowsApps;C:\Program Files\Geth;;C:\WINDOWS\system32;C:\WINDOWS;C:\WINDOWS\System32\Wbem;C:\WINDOWS\System32\WindowsPowerShell\v1.0\;C:\WINDOWS\System32\OpenSSH\;C:\Program Files\MySQL\MySQL Shell 8.0\bin\;C:\Users\docan\AppData\Local\Microsoft\WindowsApps;;C:\Program Files (x86)\Bdrive\NetDrive3\x64\
USERNAME=docan
OS=Windows_NT
PROCESSOR_IDENTIFIER=AMD64 Family 23 Model 8 Stepping 2, AuthenticAMD



---------------  S Y S T E M  ---------------

OS: Windows 10 , 64 bit Build 19041 (10.0.19041.1202)
OS uptime: 7 days 15:25 hours

CPU:total 16 (initial active 16) (16 cores per cpu, 2 threads per core) family 23 model 8 stepping 2 microcode 0x0, cmov, cx8, fxsr, mmx, sse, sse2, sse3, ssse3, sse4.1, sse4.2, popcnt, avx, avx2, aes, clmul, mmxext, 3dnowpref, lzcnt, sse4a, ht, tsc, tscinvbit, tscinv, bmi1, bmi2, adx, s

Memory: 4k page, system-wide physical 16317M (512M free)
TotalPageFile size 95469M (AvailPageFile size 8M)
current process WorkingSet (physical memory assigned to process): 426M, peak: 426M
current process commit charge ("private bytes"): 526M, peak: 530M

vm_info: OpenJDK 64-Bit Server VM (11.0.10+0-b96-7249189) for windows-amd64 JRE (11.0.10+0-b96-7249189), built on Mar 31 2021 21:44:00 by "builder" with MS VC++ 14.0 (VS2015)

END.
